<?xml version="1.0" encoding="utf-8"?>
<coverage line-rate="0.9501999999999999" branch-rate="0.9078" version="1.9" timestamp="1788296860" lines-covered="210" lines-valid="221" branches-covered="69" branches-valid="76">
  <sources>
    <source>/Users/danny/Documents/Bathroom Signin/hallzee-mono/receiver/windows/BathroomSync.Core/</source>
  </sources>
  <packages>
    <package name="BathroomSync.Core" line-rate="0.9501999999999999" branch-rate="0.9078" complexity="91">
      <classes>
        <class name="BathroomSync.Core.KioskSettingsProtocol" filename="KioskSettingsProtocol.cs" line-rate="1" branch-rate="1" complexity="4">
          <methods>
            <method name="BuildStudentIdLengthCommand" signature="(System.Int32)" line-rate="1" branch-rate="1" complexity="4">
              <lines>
                <line number="9" hits="3" branch="False" />
                <line number="10" hits="3" branch="True" condition-coverage="100% (4/4)">
                  <conditions>
                    <condition number="3" type="jump" coverage="100%" />
                    <condition number="15" type="jump" coverage="100%" />
                  </conditions>
                </line>
                <line number="11" hits="2" branch="False" />
                <line number="12" hits="1" branch="False" />
                <line number="13" hits="1" branch="False" />
              </lines>
            </method>
          </methods>
          <lines>
            <line number="9" hits="3" branch="False" />
            <line number="10" hits="3" branch="True" condition-coverage="100% (4/4)">
              <conditions>
                <condition number="3" type="jump" coverage="100%" />
                <condition number="15" type="jump" coverage="100%" />
              </conditions>
            </line>
            <line number="11" hits="2" branch="False" />
            <line number="12" hits="1" branch="False" />
            <line number="13" hits="1" branch="False" />
          </lines>
        </class>
        <class name="BathroomSync.Core.SyncUpdate" filename="SyncSession.cs" line-rate="1" branch-rate="1" complexity="10">
          <methods>
            <method name="get_Logs" signature="()" line-rate="1" branch-rate="1" complexity="1">
              <lines>
                <line number="12" hits="1277" branch="False" />
              </lines>
            </method>
            <method name="get_OutboundCommands" signature="()" line-rate="1" branch-rate="1" complexity="1">
              <lines>
                <line number="13" hits="1738" branch="False" />
              </lines>
            </method>
            <method name="get_Status" signature="()" line-rate="1" branch-rate="1" complexity="1">
              <lines>
                <line number="14" hits="19" branch="False" />
              </lines>
            </method>
            <method name="get_SavedTripCount" signature="()" line-rate="1" branch-rate="1" complexity="1">
              <lines>
                <line number="15" hits="6" branch="False" />
              </lines>
            </method>
            <method name="get_TransferTotal" signature="()" line-rate="1" branch-rate="1" complexity="1">
              <lines>
                <line number="16" hits="7" branch="False" />
              </lines>
            </method>
            <method name="get_TransferredTripCount" signature="()" line-rate="1" branch-rate="1" complexity="1">
              <lines>
                <line number="17" hits="263" branch="False" />
              </lines>
            </method>
            <method name="get_StorageUnavailable" signature="()" line-rate="1" branch-rate="1" complexity="1">
              <lines>
                <line number="18" hits="2" branch="False" />
              </lines>
            </method>
            <method name="get_MaxStudentIdLength" signature="()" line-rate="1" branch-rate="1" complexity="1">
              <lines>
                <line number="19" hits="5" branch="False" />
              </lines>
            </method>
            <method name="get_SettingsApplied" signature="()" line-rate="1" branch-rate="1" complexity="1">
              <lines>
                <line number="20" hits="4" branch="False" />
              </lines>
            </method>
            <method name="get_SettingsError" signature="()" line-rate="1" branch-rate="1" complexity="1">
              <lines>
                <line number="21" hits="2" branch="False" />
              </lines>
            </method>
          </methods>
          <lines>
            <line number="12" hits="1277" branch="False" />
            <line number="13" hits="1738" branch="False" />
            <line number="14" hits="19" branch="False" />
            <line number="15" hits="6" branch="False" />
            <line number="16" hits="7" branch="False" />
            <line number="17" hits="263" branch="False" />
            <line number="18" hits="2" branch="False" />
            <line number="19" hits="5" branch="False" />
            <line number="20" hits="4" branch="False" />
            <line number="21" hits="2" branch="False" />
          </lines>
        </class>
        <class name="BathroomSync.Core.SyncSession" filename="SyncSession.cs" line-rate="0.9865999999999999" branch-rate="0.975" complexity="42">
          <methods>
            <method name="Start" signature="()" line-rate="1" branch-rate="1" complexity="1">
              <lines>
                <line number="34" hits="13" branch="False" />
                <line number="35" hits="13" branch="False" />
                <line number="36" hits="13" branch="False" />
                <line number="37" hits="13" branch="False" />
                <line number="38" hits="13" branch="False" />
              </lines>
            </method>
            <method name="ProcessReceivedData" signature="(System.String)" line-rate="1" branch-rate="1" complexity="2">
              <lines>
                <line number="40" hits="747" branch="False" />
                <line number="41" hits="747" branch="False" />
                <line number="42" hits="747" branch="False" />
                <line number="44" hits="2040" branch="False" />
                <line number="45" hits="1020" branch="False" />
                <line number="46" hits="1767" branch="True" condition-coverage="100% (2/2)">
                  <conditions>
                    <condition number="48" type="jump" coverage="100%" />
                  </conditions>
                </line>
                <line number="47" hits="747" branch="False" />
                <line number="50" hits="273" branch="False" />
                <line number="51" hits="273" branch="False" />
                <line number="52" hits="273" branch="False" />
                <line number="53" hits="273" branch="False" />
                <line number="54" hits="747" branch="False" />
              </lines>
            </method>
            <method name="ProcessLine" signature="(System.String,BathroomSync.Core.SyncUpdate)" line-rate="1" branch-rate="1" complexity="16">
              <lines>
                <line number="56" hits="273" branch="False" />
                <line number="57" hits="273" branch="False" />
                <line number="59" hits="275" branch="True" condition-coverage="100% (4/4)">
                  <conditions>
                    <condition number="35" type="jump" coverage="100%" />
                    <condition number="53" type="jump" coverage="100%" />
                  </conditions>
                </line>
                <line number="60" hits="2" branch="False" />
                <line number="61" hits="2" branch="False" />
                <line number="63" hits="274" branch="True" condition-coverage="100% (2/2)">
                  <conditions>
                    <condition number="83" type="jump" coverage="100%" />
                  </conditions>
                </line>
                <line number="64" hits="3" branch="False" />
                <line number="66" hits="274" branch="True" condition-coverage="100% (6/6)">
                  <conditions>
                    <condition number="103" type="jump" coverage="100%" />
                    <condition number="134" type="jump" coverage="100%" />
                    <condition number="148" type="jump" coverage="100%" />
                  </conditions>
                </line>
                <line number="67" hits="6" branch="False" />
                <line number="68" hits="6" branch="False" />
                <line number="69" hits="6" branch="False" />
                <line number="70" hits="6" branch="False" />
                <line number="71" hits="6" branch="False" />
                <line number="74" hits="519" branch="True" condition-coverage="100% (2/2)">
                  <conditions>
                    <condition number="220" type="jump" coverage="100%" />
                  </conditions>
                </line>
                <line number="75" hits="257" branch="False" />
                <line number="76" hits="257" branch="False" />
                <line number="79" hits="6" branch="True" condition-coverage="100% (2/2)">
                  <conditions>
                    <condition number="268" type="jump" coverage="100%" />
                  </conditions>
                </line>
                <line number="80" hits="1" branch="False" />
                <line number="83" hits="4" branch="False" />
                <line number="84" hits="4" branch="False" />
                <line number="85" hits="273" branch="False" />
              </lines>
            </method>
            <method name="TryProcessSettingsLine" signature="(System.String,BathroomSync.Core.SyncUpdate)" line-rate="0.9333" branch-rate="0.9375" complexity="16">
              <lines>
                <line number="87" hits="271" branch="False" />
                <line number="88" hits="271" branch="False" />
                <line number="89" hits="539" branch="True" condition-coverage="100% (4/4)">
                  <conditions>
                    <condition number="15" type="jump" coverage="100%" />
                    <condition number="35" type="jump" coverage="100%" />
                  </conditions>
                </line>
                <line number="91" hits="3" branch="True" condition-coverage="100% (10/10)">
                  <conditions>
                    <condition number="57" type="jump" coverage="100%" />
                    <condition number="72" type="jump" coverage="100%" />
                    <condition number="84" type="jump" coverage="100%" />
                    <condition number="88" type="jump" coverage="100%" />
                    <condition number="105" type="jump" coverage="100%" />
                  </conditions>
                </line>
                <line number="92" hits="3" branch="False" />
                <line number="93" hits="3" branch="False" />
                <line number="94" hits="5" branch="False" />
                <line number="95" hits="2" branch="False" />
                <line number="96" hits="2" branch="False" />
                <line number="97" hits="2" branch="False" />
                <line number="100" hits="2" branch="True" condition-coverage="50% (1/2)">
                  <conditions>
                    <condition number="162" type="jump" coverage="50%" />
                  </conditions>
                </line>
                <line number="101" hits="1" branch="False" />
                <line number="102" hits="1" branch="False" />
                <line number="105" hits="0" branch="False" />
                <line number="106" hits="271" branch="False" />
              </lines>
            </method>
            <method name="StoreTrip" signature="(System.String,BathroomSync.Core.SyncUpdate)" line-rate="1" branch-rate="1" complexity="6">
              <lines>
                <line number="108" hits="257" branch="False" />
                <line number="109" hits="257" branch="False" />
                <line number="110" hits="258" branch="True" condition-coverage="100% (2/2)">
                  <conditions>
                    <condition number="20" type="jump" coverage="100%" />
                  </conditions>
                </line>
                <line number="111" hits="1" branch="False" />
                <line number="112" hits="1" branch="False" />
                <line number="114" hits="257" branch="True" condition-coverage="100% (2/2)">
                  <conditions>
                    <condition number="51" type="jump" coverage="100%" />
                  </conditions>
                </line>
                <line number="115" hits="1" branch="False" />
                <line number="116" hits="1" branch="False" />
                <line number="117" hits="1" branch="False" />
                <line number="120" hits="255" branch="False" />
                <line number="121" hits="255" branch="False" />
                <line number="122" hits="255" branch="False" />
                <line number="123" hits="255" branch="False" />
                <line number="124" hits="508" branch="True" condition-coverage="100% (2/2)">
                  <conditions>
                    <condition number="160" type="jump" coverage="100%" />
                  </conditions>
                </line>
                <line number="125" hits="253" branch="False" />
                <line number="126" hits="253" branch="False" />
                <line number="127" hits="253" branch="False" />
                <line number="128" hits="257" branch="False" />
              </lines>
            </method>
            <method name=".ctor" signature="(BathroomSync.Core.ITripRepository)" line-rate="1" branch-rate="1" complexity="1">
              <lines>
                <line number="26" hits="10" branch="False" />
                <line number="30" hits="20" branch="False" />
                <line number="31" hits="10" branch="False" />
                <line number="32" hits="10" branch="False" />
              </lines>
            </method>
          </methods>
          <lines>
            <line number="34" hits="13" branch="False" />
            <line number="35" hits="13" branch="False" />
            <line number="36" hits="13" branch="False" />
            <line number="37" hits="13" branch="False" />
            <line number="38" hits="13" branch="False" />
            <line number="40" hits="747" branch="False" />
            <line number="41" hits="747" branch="False" />
            <line number="42" hits="747" branch="False" />
            <line number="44" hits="2040" branch="False" />
            <line number="45" hits="1020" branch="False" />
            <line number="46" hits="1767" branch="True" condition-coverage="100% (2/2)">
              <conditions>
                <condition number="48" type="jump" coverage="100%" />
              </conditions>
            </line>
            <line number="47" hits="747" branch="False" />
            <line number="50" hits="273" branch="False" />
            <line number="51" hits="273" branch="False" />
            <line number="52" hits="273" branch="False" />
            <line number="53" hits="273" branch="False" />
            <line number="54" hits="747" branch="False" />
            <line number="56" hits="273" branch="False" />
            <line number="57" hits="273" branch="False" />
            <line number="59" hits="275" branch="True" condition-coverage="100% (4/4)">
              <conditions>
                <condition number="35" type="jump" coverage="100%" />
                <condition number="53" type="jump" coverage="100%" />
              </conditions>
            </line>
            <line number="60" hits="2" branch="False" />
            <line number="61" hits="2" branch="False" />
            <line number="63" hits="274" branch="True" condition-coverage="100% (2/2)">
              <conditions>
                <condition number="83" type="jump" coverage="100%" />
              </conditions>
            </line>
            <line number="64" hits="3" branch="False" />
            <line number="66" hits="274" branch="True" condition-coverage="100% (6/6)">
              <conditions>
                <condition number="103" type="jump" coverage="100%" />
                <condition number="134" type="jump" coverage="100%" />
                <condition number="148" type="jump" coverage="100%" />
              </conditions>
            </line>
            <line number="67" hits="6" branch="False" />
            <line number="68" hits="6" branch="False" />
            <line number="69" hits="6" branch="False" />
            <line number="70" hits="6" branch="False" />
            <line number="71" hits="6" branch="False" />
            <line number="74" hits="519" branch="True" condition-coverage="100% (2/2)">
              <conditions>
                <condition number="220" type="jump" coverage="100%" />
              </conditions>
            </line>
            <line number="75" hits="257" branch="False" />
            <line number="76" hits="257" branch="False" />
            <line number="79" hits="6" branch="True" condition-coverage="100% (2/2)">
              <conditions>
                <condition number="268" type="jump" coverage="100%" />
              </conditions>
            </line>
            <line number="80" hits="1" branch="False" />
            <line number="83" hits="4" branch="False" />
            <line number="84" hits="4" branch="False" />
            <line number="85" hits="273" branch="False" />
            <line number="87" hits="271" branch="False" />
            <line number="88" hits="271" branch="False" />
            <line number="89" hits="539" branch="True" condition-coverage="100% (4/4)">
              <conditions>
                <condition number="15" type="jump" coverage="100%" />
                <condition number="35" type="jump" coverage="100%" />
              </conditions>
            </line>
            <line number="91" hits="3" branch="True" condition-coverage="100% (10/10)">
              <conditions>
                <condition number="57" type="jump" coverage="100%" />
                <condition number="72" type="jump" coverage="100%" />
                <condition number="84" type="jump" coverage="100%" />
                <condition number="88" type="jump" coverage="100%" />
                <condition number="105" type="jump" coverage="100%" />
              </conditions>
            </line>
            <line number="92" hits="3" branch="False" />
            <line number="93" hits="3" branch="False" />
            <line number="94" hits="5" branch="False" />
            <line number="95" hits="2" branch="False" />
            <line number="96" hits="2" branch="False" />
            <line number="97" hits="2" branch="False" />
            <line number="100" hits="2" branch="True" condition-coverage="50% (1/2)">
              <conditions>
                <condition number="162" type="jump" coverage="50%" />
              </conditions>
            </line>
            <line number="101" hits="1" branch="False" />
            <line number="102" hits="1" branch="False" />
            <line number="105" hits="0" branch="False" />
            <line number="106" hits="271" branch="False" />
            <line number="108" hits="257" branch="False" />
            <line number="109" hits="257" branch="False" />
            <line number="110" hits="258" branch="True" condition-coverage="100% (2/2)">
              <conditions>
                <condition number="20" type="jump" coverage="100%" />
              </conditions>
            </line>
            <line number="111" hits="1" branch="False" />
            <line number="112" hits="1" branch="False" />
            <line number="114" hits="257" branch="True" condition-coverage="100% (2/2)">
              <conditions>
                <condition number="51" type="jump" coverage="100%" />
              </conditions>
            </line>
            <line number="115" hits="1" branch="False" />
            <line number="116" hits="1" branch="False" />
            <line number="117" hits="1" branch="False" />
            <line number="120" hits="255" branch="False" />
            <line number="121" hits="255" branch="False" />
            <line number="122" hits="255" branch="False" />
            <line number="123" hits="255" branch="False" />
            <line number="124" hits="508" branch="True" condition-coverage="100% (2/2)">
              <conditions>
                <condition number="160" type="jump" coverage="100%" />
              </conditions>
            </line>
            <line number="125" hits="253" branch="False" />
            <line number="126" hits="253" branch="False" />
            <line number="127" hits="253" branch="False" />
            <line number="128" hits="257" branch="False" />
            <line number="26" hits="10" branch="False" />
            <line number="30" hits="20" branch="False" />
            <line number="31" hits="10" branch="False" />
            <line number="32" hits="10" branch="False" />
          </lines>
        </class>
        <class name="BathroomSync.Core.TerminalDevice" filename="TerminalConnectionPort.cs" line-rate="0" branch-rate="0" complexity="3">
          <methods>
            <method name="get_Id" signature="()" line-rate="0" branch-rate="1" complexity="1">
              <lines>
                <line number="3" hits="0" branch="False" />
              </lines>
            </method>
            <method name="ToString" signature="()" line-rate="0" branch-rate="0" complexity="2">
              <lines>
                <line number="4" hits="0" branch="True" condition-coverage="0% (0/2)">
                  <conditions>
                    <condition number="6" type="jump" coverage="0%" />
                  </conditions>
                </line>
              </lines>
            </method>
          </methods>
          <lines>
            <line number="3" hits="0" branch="False" />
            <line number="4" hits="0" branch="True" condition-coverage="0% (0/2)">
              <conditions>
                <condition number="6" type="jump" coverage="0%" />
              </conditions>
            </line>
          </lines>
        </class>
        <class name="BathroomSync.Core.TripSqliteRepository" filename="TripSqliteRepository.cs" line-rate="0.9379000000000001" branch-rate="0.8665999999999999" complexity="32">
          <methods>
            <method name="Store" signature="(System.String)" line-rate="0.7777" branch-rate="1" complexity="8">
              <lines>
                <line number="37" hits="4" branch="False" />
                <line number="38" hits="4" branch="False" />
                <line number="39" hits="5" branch="True" condition-coverage="100% (6/6)">
                  <conditions>
                    <condition number="15" type="jump" coverage="100%" />
                    <condition number="27" type="jump" coverage="100%" />
                    <condition number="42" type="jump" coverage="100%" />
                  </conditions>
                </line>
                <line number="40" hits="1" branch="False" />
                <line number="43" hits="3" branch="False" />
                <line number="44" hits="3" branch="False" />
                <line number="45" hits="3" branch="False" />
                <line number="46" hits="3" branch="False" />
                <line number="47" hits="3" branch="False" />
                <line number="48" hits="3" branch="False" />
                <line number="49" hits="3" branch="False" />
                <line number="50" hits="3" branch="False" />
                <line number="51" hits="3" branch="False" />
                <line number="52" hits="3" branch="False" />
                <line number="53" hits="3" branch="False" />
                <line number="54" hits="3" branch="False" />
                <line number="55" hits="3" branch="False" />
                <line number="56" hits="3" branch="False" />
                <line number="57" hits="3" branch="False" />
                <line number="58" hits="3" branch="True" condition-coverage="100% (2/2)">
                  <conditions>
                    <condition number="242" type="jump" coverage="100%" />
                  </conditions>
                </line>
                <line number="59" hits="0" branch="False" />
                <line number="60" hits="0" branch="False" />
                <line number="61" hits="0" branch="False" />
                <line number="62" hits="0" branch="False" />
                <line number="63" hits="0" branch="False" />
                <line number="64" hits="0" branch="False" />
                <line number="66" hits="4" branch="False" />
              </lines>
            </method>
            <method name="GetLatestTripId" signature="()" line-rate="1" branch-rate="0.5" complexity="2">
              <lines>
                <line number="68" hits="1" branch="False" />
                <line number="69" hits="1" branch="False" />
                <line number="70" hits="1" branch="False" />
                <line number="71" hits="1" branch="False" />
                <line number="72" hits="1" branch="True" condition-coverage="50% (1/2)">
                  <conditions>
                    <condition number="34" type="jump" coverage="50%" />
                  </conditions>
                </line>
                <line number="73" hits="1" branch="False" />
              </lines>
            </method>
            <method name="ExportCsv" signature="(System.String)" line-rate="1" branch-rate="0.8332999999999999" complexity="6">
              <lines>
                <line number="75" hits="4" branch="False" />
                <line number="76" hits="4" branch="False" />
                <line number="77" hits="8" branch="True" condition-coverage="100% (2/2)">
                  <conditions>
                    <condition number="19" type="jump" coverage="100%" />
                  </conditions>
                </line>
                <line number="79" hits="4" branch="False" />
                <line number="80" hits="4" branch="False" />
                <line number="81" hits="4" branch="False" />
                <line number="82" hits="4" branch="False" />
                <line number="83" hits="4" branch="False" />
                <line number="84" hits="4" branch="False" />
                <line number="85" hits="4" branch="False" />
                <line number="86" hits="4" branch="False" />
                <line number="87" hits="4" branch="False" />
                <line number="88" hits="4" branch="False" />
                <line number="89" hits="4" branch="False" />
                <line number="90" hits="4" branch="False" />
                <line number="91" hits="4" branch="False" />
                <line number="92" hits="20" branch="True" condition-coverage="100% (2/2)">
                  <conditions>
                    <condition number="222" type="jump" coverage="100%" />
                  </conditions>
                </line>
                <line number="93" hits="8" branch="False" />
                <line number="94" hits="8" branch="False" />
                <line number="95" hits="8" branch="False" />
                <line number="96" hits="8" branch="False" />
                <line number="97" hits="8" branch="False" />
                <line number="98" hits="8" branch="False" />
                <line number="99" hits="8" branch="False" />
                <line number="100" hits="8" branch="False" />
                <line number="101" hits="8" branch="False" />
                <line number="102" hits="8" branch="False" />
                <line number="103" hits="4" branch="False" />
                <line number="104" hits="4" branch="False" />
                <line number="105" hits="4" branch="False" />
                <line number="106" hits="8" branch="False" />
                <line number="107" hits="4" branch="True" condition-coverage="50% (1/2)">
                  <conditions>
                    <condition number="313" type="jump" coverage="50%" />
                  </conditions>
                </line>
                <line number="108" hits="4" branch="False" />
                <line number="109" hits="4" branch="False" />
              </lines>
            </method>
            <method name="OpenConnection" signature="()" line-rate="1" branch-rate="1" complexity="1">
              <lines>
                <line number="111" hits="11" branch="False" />
                <line number="112" hits="11" branch="False" />
                <line number="113" hits="11" branch="False" />
                <line number="114" hits="11" branch="False" />
                <line number="115" hits="11" branch="False" />
                <line number="116" hits="11" branch="False" />
                <line number="117" hits="11" branch="False" />
                <line number="118" hits="11" branch="False" />
              </lines>
            </method>
            <method name="CreateSchema" signature="(Microsoft.Data.Sqlite.SqliteConnection)" line-rate="1" branch-rate="1" complexity="1">
              <lines>
                <line number="120" hits="3" branch="False" />
                <line number="121" hits="3" branch="False" />
                <line number="122" hits="3" branch="False" />
                <line number="123" hits="3" branch="False" />
                <line number="124" hits="3" branch="False" />
                <line number="125" hits="3" branch="False" />
                <line number="126" hits="3" branch="False" />
                <line number="127" hits="3" branch="False" />
                <line number="128" hits="3" branch="False" />
                <line number="129" hits="3" branch="False" />
                <line number="130" hits="3" branch="False" />
                <line number="131" hits="3" branch="False" />
                <line number="132" hits="3" branch="False" />
                <line number="133" hits="3" branch="False" />
                <line number="134" hits="3" branch="False" />
                <line number="135" hits="6" branch="False" />
              </lines>
            </method>
            <method name="ImportLegacyCsv" signature="(Microsoft.Data.Sqlite.SqliteConnection,System.String)" line-rate="0.92" branch-rate="0.8332999999999999" complexity="12">
              <lines>
                <line number="137" hits="3" branch="False" />
                <line number="138" hits="4" branch="True" condition-coverage="100% (4/4)">
                  <conditions>
                    <condition number="7" type="jump" coverage="100%" />
                    <condition number="23" type="jump" coverage="100%" />
                  </conditions>
                </line>
                <line number="140" hits="2" branch="False" />
                <line number="141" hits="15" branch="True" condition-coverage="100% (2/2)">
                  <conditions>
                    <condition number="317" type="jump" coverage="100%" />
                  </conditions>
                </line>
                <line number="142" hits="3" branch="False" />
                <line number="143" hits="3" branch="True" condition-coverage="66.66% (4/6)">
                  <conditions>
                    <condition number="78" type="jump" coverage="50%" />
                    <condition number="90" type="jump" coverage="50%" />
                    <condition number="108" type="jump" coverage="100%" />
                  </conditions>
                </line>
                <line number="145" hits="3" branch="False" />
                <line number="146" hits="3" branch="False" />
                <line number="147" hits="3" branch="False" />
                <line number="148" hits="3" branch="False" />
                <line number="149" hits="3" branch="False" />
                <line number="150" hits="3" branch="False" />
                <line number="151" hits="3" branch="False" />
                <line number="152" hits="3" branch="False" />
                <line number="153" hits="3" branch="False" />
                <line number="154" hits="3" branch="False" />
                <line number="155" hits="3" branch="False" />
                <line number="156" hits="3" branch="False" />
                <line number="157" hits="3" branch="False" />
                <line number="158" hits="3" branch="False" />
                <line number="159" hits="3" branch="False" />
                <line number="160" hits="2" branch="False" />
                <line number="162" hits="0" branch="False" />
                <line number="164" hits="0" branch="False" />
                <line number="165" hits="3" branch="False" />
              </lines>
            </method>
            <method name=".ctor" signature="(System.String,System.String)" line-rate="1" branch-rate="1" complexity="2">
              <lines>
                <line number="21" hits="6" branch="False" />
                <line number="22" hits="3" branch="False" />
                <line number="23" hits="6" branch="True" condition-coverage="100% (2/2)">
                  <conditions>
                    <condition number="26" type="jump" coverage="100%" />
                  </conditions>
                </line>
                <line number="25" hits="3" branch="False" />
                <line number="26" hits="3" branch="False" />
                <line number="27" hits="3" branch="False" />
                <line number="28" hits="3" branch="False" />
                <line number="29" hits="3" branch="False" />
                <line number="30" hits="3" branch="False" />
                <line number="32" hits="3" branch="False" />
                <line number="33" hits="3" branch="False" />
                <line number="34" hits="3" branch="False" />
                <line number="35" hits="6" branch="False" />
              </lines>
            </method>
          </methods>
          <lines>
            <line number="37" hits="4" branch="False" />
            <line number="38" hits="4" branch="False" />
            <line number="39" hits="5" branch="True" condition-coverage="100% (6/6)">
              <conditions>
                <condition number="15" type="jump" coverage="100%" />
                <condition number="27" type="jump" coverage="100%" />
                <condition number="42" type="jump" coverage="100%" />
              </conditions>
            </line>
            <line number="40" hits="1" branch="False" />
            <line number="43" hits="3" branch="False" />
            <line number="44" hits="3" branch="False" />
            <line number="45" hits="3" branch="False" />
            <line number="46" hits="3" branch="False" />
            <line number="47" hits="3" branch="False" />
            <line number="48" hits="3" branch="False" />
            <line number="49" hits="3" branch="False" />
            <line number="50" hits="3" branch="False" />
            <line number="51" hits="3" branch="False" />
            <line number="52" hits="3" branch="False" />
            <line number="53" hits="3" branch="False" />
            <line number="54" hits="3" branch="False" />
            <line number="55" hits="3" branch="False" />
            <line number="56" hits="3" branch="False" />
            <line number="57" hits="3" branch="False" />
            <line number="58" hits="3" branch="True" condition-coverage="100% (2/2)">
              <conditions>
                <condition number="242" type="jump" coverage="100%" />
              </conditions>
            </line>
            <line number="59" hits="0" branch="False" />
            <line number="60" hits="0" branch="False" />
            <line number="61" hits="0" branch="False" />
            <line number="62" hits="0" branch="False" />
            <line number="63" hits="0" branch="False" />
            <line number="64" hits="0" branch="False" />
            <line number="66" hits="4" branch="False" />
            <line number="68" hits="1" branch="False" />
            <line number="69" hits="1" branch="False" />
            <line number="70" hits="1" branch="False" />
            <line number="71" hits="1" branch="False" />
            <line number="72" hits="1" branch="True" condition-coverage="50% (1/2)">
              <conditions>
                <condition number="34" type="jump" coverage="50%" />
              </conditions>
            </line>
            <line number="73" hits="1" branch="False" />
            <line number="75" hits="4" branch="False" />
            <line number="76" hits="4" branch="False" />
            <line number="77" hits="8" branch="True" condition-coverage="100% (2/2)">
              <conditions>
                <condition number="19" type="jump" coverage="100%" />
              </conditions>
            </line>
            <line number="79" hits="4" branch="False" />
            <line number="80" hits="4" branch="False" />
            <line number="81" hits="4" branch="False" />
            <line number="82" hits="4" branch="False" />
            <line number="83" hits="4" branch="False" />
            <line number="84" hits="4" branch="False" />
            <line number="85" hits="4" branch="False" />
            <line number="86" hits="4" branch="False" />
            <line number="87" hits="4" branch="False" />
            <line number="88" hits="4" branch="False" />
            <line number="89" hits="4" branch="False" />
            <line number="90" hits="4" branch="False" />
            <line number="91" hits="4" branch="False" />
            <line number="92" hits="20" branch="True" condition-coverage="100% (2/2)">
              <conditions>
                <condition number="222" type="jump" coverage="100%" />
              </conditions>
            </line>
            <line number="93" hits="8" branch="False" />
            <line number="94" hits="8" branch="False" />
            <line number="95" hits="8" branch="False" />
            <line number="96" hits="8" branch="False" />
            <line number="97" hits="8" branch="False" />
            <line number="98" hits="8" branch="False" />
            <line number="99" hits="8" branch="False" />
            <line number="100" hits="8" branch="False" />
            <line number="101" hits="8" branch="False" />
            <line number="102" hits="8" branch="False" />
            <line number="103" hits="4" branch="False" />
            <line number="104" hits="4" branch="False" />
            <line number="105" hits="4" branch="False" />
            <line number="106" hits="8" branch="False" />
            <line number="107" hits="4" branch="True" condition-coverage="50% (1/2)">
              <conditions>
                <condition number="313" type="jump" coverage="50%" />
              </conditions>
            </line>
            <line number="108" hits="4" branch="False" />
            <line number="109" hits="4" branch="False" />
            <line number="111" hits="11" branch="False" />
            <line number="112" hits="11" branch="False" />
            <line number="113" hits="11" branch="False" />
            <line number="114" hits="11" branch="False" />
            <line number="115" hits="11" branch="False" />
            <line number="116" hits="11" branch="False" />
            <line number="117" hits="11" branch="False" />
            <line number="118" hits="11" branch="False" />
            <line number="120" hits="3" branch="False" />
            <line number="121" hits="3" branch="False" />
            <line number="122" hits="3" branch="False" />
            <line number="123" hits="3" branch="False" />
            <line number="124" hits="3" branch="False" />
            <line number="125" hits="3" branch="False" />
            <line number="126" hits="3" branch="False" />
            <line number="127" hits="3" branch="False" />
            <line number="128" hits="3" branch="False" />
            <line number="129" hits="3" branch="False" />
            <line number="130" hits="3" branch="False" />
            <line number="131" hits="3" branch="False" />
            <line number="132" hits="3" branch="False" />
            <line number="133" hits="3" branch="False" />
            <line number="134" hits="3" branch="False" />
            <line number="135" hits="6" branch="False" />
            <line number="137" hits="3" branch="False" />
            <line number="138" hits="4" branch="True" condition-coverage="100% (4/4)">
              <conditions>
                <condition number="7" type="jump" coverage="100%" />
                <condition number="23" type="jump" coverage="100%" />
              </conditions>
            </line>
            <line number="140" hits="2" branch="False" />
            <line number="141" hits="15" branch="True" condition-coverage="100% (2/2)">
              <conditions>
                <condition number="317" type="jump" coverage="100%" />
              </conditions>
            </line>
            <line number="142" hits="3" branch="False" />
            <line number="143" hits="3" branch="True" condition-coverage="66.66% (4/6)">
              <conditions>
                <condition number="78" type="jump" coverage="50%" />
                <condition number="90" type="jump" coverage="50%" />
                <condition number="108" type="jump" coverage="100%" />
              </conditions>
            </line>
            <line number="145" hits="3" branch="False" />
            <line number="146" hits="3" branch="False" />
            <line number="147" hits="3" branch="False" />
            <line number="148" hits="3" branch="False" />
            <line number="149" hits="3" branch="False" />
            <line number="150" hits="3" branch="False" />
            <line number="151" hits="3" branch="False" />
            <line number="152" hits="3" branch="False" />
            <line number="153" hits="3" branch="False" />
            <line number="154" hits="3" branch="False" />
            <line number="155" hits="3" branch="False" />
            <line number="156" hits="3" branch="False" />
            <line number="157" hits="3" branch="False" />
            <line number="158" hits="3" branch="False" />
            <line number="159" hits="3" branch="False" />
            <line number="160" hits="2" branch="False" />
            <line number="162" hits="0" branch="False" />
            <line number="164" hits="0" branch="False" />
            <line number="165" hits="3" branch="False" />
            <line number="21" hits="6" branch="False" />
            <line number="22" hits="3" branch="False" />
            <line number="23" hits="6" branch="True" condition-coverage="100% (2/2)">
              <conditions>
                <condition number="26" type="jump" coverage="100%" />
              </conditions>
            </line>
            <line number="25" hits="3" branch="False" />
            <line number="26" hits="3" branch="False" />
            <line number="27" hits="3" branch="False" />
            <line number="28" hits="3" branch="False" />
            <line number="29" hits="3" branch="False" />
            <line number="30" hits="3" branch="False" />
            <line number="32" hits="3" branch="False" />
            <line number="33" hits="3" branch="False" />
            <line number="34" hits="3" branch="False" />
            <line number="35" hits="6" branch="False" />
          </lines>
        </class>
      </classes>
    </package>
  </packages>
</coverage>