<?xml version="1.0" encoding="utf-8"?>
<coverage line-rate="0.9208" branch-rate="0.8403" version="1.9" timestamp="1788303589" lines-covered="1408" lines-valid="1529" branches-covered="516" branches-valid="614">
  <sources>
    <source>/Users/danny/Documents/Bathroom Signin/hallzee-mono/receiver/windows/BathroomSync.Core/</source>
  </sources>
  <packages>
    <package name="BathroomSync.Core" line-rate="0.9208" branch-rate="0.8403" complexity="771">
      <classes>
        <class name="BathroomSync.Core.ClassroomProfile" filename="Domain/ProfileAndPolicyModels.cs" line-rate="0.7142000000000001" branch-rate="1" complexity="6">
          <methods>
            <method name="get_ProfileId" signature="()" line-rate="1" branch-rate="1" complexity="1">
              <lines>
                <line number="4" hits="9" branch="False" />
              </lines>
            </method>
            <method name="get_Name" signature="()" line-rate="1" branch-rate="1" complexity="1">
              <lines>
                <line number="5" hits="6" branch="False" />
              </lines>
            </method>
            <method name="get_IsActive" signature="()" line-rate="1" branch-rate="1" complexity="1">
              <lines>
                <line number="6" hits="7" branch="False" />
              </lines>
            </method>
            <method name="get_CreatedAt" signature="()" line-rate="0" branch-rate="1" complexity="1">
              <lines>
                <line number="7" hits="0" branch="False" />
              </lines>
            </method>
            <method name="get_UpdatedAt" signature="()" line-rate="0" branch-rate="1" complexity="1">
              <lines>
                <line number="8" hits="0" branch="False" />
              </lines>
            </method>
            <method name=".ctor" signature="(System.String,System.String,System.Boolean,System.Nullable`1&lt;System.DateTime&gt;,System.Nullable`1&lt;System.DateTime&gt;)" line-rate="1" branch-rate="1" complexity="1">
              <lines>
                <line number="3" hits="12" branch="False" />
                <line number="9" hits="12" branch="False" />
              </lines>
            </method>
          </methods>
          <lines>
            <line number="4" hits="9" branch="False" />
            <line number="5" hits="6" branch="False" />
            <line number="6" hits="7" branch="False" />
            <line number="7" hits="0" branch="False" />
            <line number="8" hits="0" branch="False" />
            <line number="3" hits="12" branch="False" />
            <line number="9" hits="12" branch="False" />
          </lines>
        </class>
        <class name="BathroomSync.Core.PolicyRule" filename="Domain/ProfileAndPolicyModels.cs" line-rate="1" branch-rate="1" complexity="8">
          <methods>
            <method name="get_RuleId" signature="()" line-rate="1" branch-rate="1" complexity="1">
              <lines>
                <line number="12" hits="1" branch="False" />
              </lines>
            </method>
            <method name="get_ProfileId" signature="()" line-rate="1" branch-rate="1" complexity="1">
              <lines>
                <line number="13" hits="1" branch="False" />
              </lines>
            </method>
            <method name="get_MaxSimultaneousPasses" signature="()" line-rate="1" branch-rate="1" complexity="1">
              <lines>
                <line number="14" hits="3" branch="False" />
              </lines>
            </method>
            <method name="get_DurationWarningSeconds" signature="()" line-rate="1" branch-rate="1" complexity="1">
              <lines>
                <line number="15" hits="3" branch="False" />
              </lines>
            </method>
            <method name="get_MaxDailyPassesPerStudent" signature="()" line-rate="1" branch-rate="1" complexity="1">
              <lines>
                <line number="16" hits="3" branch="False" />
              </lines>
            </method>
            <method name="get_LockoutStartMinutes" signature="()" line-rate="1" branch-rate="1" complexity="1">
              <lines>
                <line number="17" hits="3" branch="False" />
              </lines>
            </method>
            <method name="get_LockoutEndMinutes" signature="()" line-rate="1" branch-rate="1" complexity="1">
              <lines>
                <line number="18" hits="3" branch="False" />
              </lines>
            </method>
            <method name=".ctor" signature="(System.String,System.String,System.Int32,System.Int32,System.Int32,System.Int32,System.Int32)" line-rate="1" branch-rate="1" complexity="1">
              <lines>
                <line number="11" hits="3" branch="False" />
                <line number="19" hits="3" branch="False" />
              </lines>
            </method>
          </methods>
          <lines>
            <line number="12" hits="1" branch="False" />
            <line number="13" hits="1" branch="False" />
            <line number="14" hits="3" branch="False" />
            <line number="15" hits="3" branch="False" />
            <line number="16" hits="3" branch="False" />
            <line number="17" hits="3" branch="False" />
            <line number="18" hits="3" branch="False" />
            <line number="11" hits="3" branch="False" />
            <line number="19" hits="3" branch="False" />
          </lines>
        </class>
        <class name="BathroomSync.Core.BellSchedulePeriod" filename="Domain/ProfileAndPolicyModels.cs" line-rate="0.875" branch-rate="1" complexity="7">
          <methods>
            <method name="get_ScheduleId" signature="()" line-rate="1" branch-rate="1" complexity="1">
              <lines>
                <line number="22" hits="6" branch="False" />
              </lines>
            </method>
            <method name="get_ProfileId" signature="()" line-rate="0" branch-rate="1" complexity="1">
              <lines>
                <line number="23" hits="0" branch="False" />
              </lines>
            </method>
            <method name="get_PeriodName" signature="()" line-rate="1" branch-rate="1" complexity="1">
              <lines>
                <line number="24" hits="6" branch="False" />
              </lines>
            </method>
            <method name="get_StartTime" signature="()" line-rate="1" branch-rate="1" complexity="1">
              <lines>
                <line number="25" hits="4" branch="False" />
              </lines>
            </method>
            <method name="get_EndTime" signature="()" line-rate="1" branch-rate="1" complexity="1">
              <lines>
                <line number="26" hits="3" branch="False" />
              </lines>
            </method>
            <method name="get_DaysOfWeek" signature="()" line-rate="1" branch-rate="1" complexity="1">
              <lines>
                <line number="27" hits="3" branch="False" />
              </lines>
            </method>
            <method name=".ctor" signature="(System.String,System.String,System.String,System.String,System.String,System.String)" line-rate="1" branch-rate="1" complexity="1">
              <lines>
                <line number="21" hits="6" branch="False" />
                <line number="28" hits="6" branch="False" />
              </lines>
            </method>
          </methods>
          <lines>
            <line number="22" hits="6" branch="False" />
            <line number="23" hits="0" branch="False" />
            <line number="24" hits="6" branch="False" />
            <line number="25" hits="4" branch="False" />
            <line number="26" hits="3" branch="False" />
            <line number="27" hits="3" branch="False" />
            <line number="21" hits="6" branch="False" />
            <line number="28" hits="6" branch="False" />
          </lines>
        </class>
        <class name="BathroomSync.Core.TerminalDeviceConfig" filename="Domain/ProfileAndPolicyModels.cs" line-rate="1" branch-rate="1" complexity="6">
          <methods>
            <method name="get_TerminalId" signature="()" line-rate="1" branch-rate="1" complexity="1">
              <lines>
                <line number="31" hits="2" branch="False" />
              </lines>
            </method>
            <method name="get_CustomName" signature="()" line-rate="1" branch-rate="1" complexity="1">
              <lines>
                <line number="32" hits="5" branch="False" />
              </lines>
            </method>
            <method name="get_BleAddress" signature="()" line-rate="1" branch-rate="1" complexity="1">
              <lines>
                <line number="33" hits="3" branch="False" />
              </lines>
            </method>
            <method name="get_LastSeenAt" signature="()" line-rate="1" branch-rate="1" complexity="1">
              <lines>
                <line number="34" hits="2" branch="False" />
              </lines>
            </method>
            <method name="get_MaxIdLength" signature="()" line-rate="1" branch-rate="1" complexity="1">
              <lines>
                <line number="35" hits="3" branch="False" />
              </lines>
            </method>
            <method name=".ctor" signature="(System.String,System.String,System.String,System.Nullable`1&lt;System.DateTime&gt;,System.Int32)" line-rate="1" branch-rate="1" complexity="1">
              <lines>
                <line number="30" hits="4" branch="False" />
                <line number="36" hits="4" branch="False" />
              </lines>
            </method>
          </methods>
          <lines>
            <line number="31" hits="2" branch="False" />
            <line number="32" hits="5" branch="False" />
            <line number="33" hits="3" branch="False" />
            <line number="34" hits="2" branch="False" />
            <line number="35" hits="3" branch="False" />
            <line number="30" hits="4" branch="False" />
            <line number="36" hits="4" branch="False" />
          </lines>
        </class>
        <class name="BathroomSync.Core.RosterStudent" filename="Domain/RosterModels.cs" line-rate="0.7272" branch-rate="1" complexity="10">
          <methods>
            <method name="get_StudentId" signature="()" line-rate="1" branch-rate="1" complexity="1">
              <lines>
                <line number="4" hits="16" branch="False" />
              </lines>
            </method>
            <method name="get_ProfileId" signature="()" line-rate="0" branch-rate="1" complexity="1">
              <lines>
                <line number="5" hits="0" branch="False" />
              </lines>
            </method>
            <method name="get_FirstName" signature="()" line-rate="1" branch-rate="1" complexity="1">
              <lines>
                <line number="6" hits="31" branch="False" />
              </lines>
            </method>
            <method name="get_LastName" signature="()" line-rate="1" branch-rate="1" complexity="1">
              <lines>
                <line number="7" hits="32" branch="False" />
              </lines>
            </method>
            <method name="get_Grade" signature="()" line-rate="1" branch-rate="1" complexity="1">
              <lines>
                <line number="8" hits="18" branch="False" />
              </lines>
            </method>
            <method name="get_ClassPeriod" signature="()" line-rate="1" branch-rate="1" complexity="1">
              <lines>
                <line number="9" hits="19" branch="False" />
              </lines>
            </method>
            <method name="get_CreatedAt" signature="()" line-rate="0" branch-rate="1" complexity="1">
              <lines>
                <line number="10" hits="0" branch="False" />
              </lines>
            </method>
            <method name="get_UpdatedAt" signature="()" line-rate="0" branch-rate="1" complexity="1">
              <lines>
                <line number="11" hits="0" branch="False" />
              </lines>
            </method>
            <method name="get_FullName" signature="()" line-rate="1" branch-rate="1" complexity="1">
              <lines>
                <line number="13" hits="10" branch="False" />
              </lines>
            </method>
            <method name=".ctor" signature="(System.String,System.String,System.String,System.String,System.String,System.String,System.Nullable`1&lt;System.DateTime&gt;,System.Nullable`1&lt;System.DateTime&gt;)" line-rate="1" branch-rate="1" complexity="1">
              <lines>
                <line number="3" hits="32" branch="False" />
                <line number="12" hits="32" branch="False" />
              </lines>
            </method>
          </methods>
          <lines>
            <line number="4" hits="16" branch="False" />
            <line number="5" hits="0" branch="False" />
            <line number="6" hits="31" branch="False" />
            <line number="7" hits="32" branch="False" />
            <line number="8" hits="18" branch="False" />
            <line number="9" hits="19" branch="False" />
            <line number="10" hits="0" branch="False" />
            <line number="11" hits="0" branch="False" />
            <line number="13" hits="10" branch="False" />
            <line number="3" hits="32" branch="False" />
            <line number="12" hits="32" branch="False" />
          </lines>
        </class>
        <class name="BathroomSync.Core.RosterColumnMapping" filename="Domain/RosterModels.cs" line-rate="1" branch-rate="1" complexity="15">
          <methods>
            <method name="get_StudentIdColumn" signature="()" line-rate="1" branch-rate="1" complexity="1">
              <lines>
                <line number="17" hits="35" branch="False" />
              </lines>
            </method>
            <method name="get_FirstNameColumn" signature="()" line-rate="1" branch-rate="1" complexity="1">
              <lines>
                <line number="18" hits="31" branch="False" />
              </lines>
            </method>
            <method name="get_LastNameColumn" signature="()" line-rate="1" branch-rate="1" complexity="1">
              <lines>
                <line number="19" hits="20" branch="False" />
              </lines>
            </method>
            <method name="get_FullNameColumn" signature="()" line-rate="1" branch-rate="1" complexity="1">
              <lines>
                <line number="20" hits="22" branch="False" />
              </lines>
            </method>
            <method name="get_GradeColumn" signature="()" line-rate="1" branch-rate="1" complexity="1">
              <lines>
                <line number="21" hits="12" branch="False" />
              </lines>
            </method>
            <method name="get_ClassPeriodColumn" signature="()" line-rate="1" branch-rate="1" complexity="1">
              <lines>
                <line number="22" hits="12" branch="False" />
              </lines>
            </method>
            <method name="get_HasIdMapping" signature="()" line-rate="1" branch-rate="1" complexity="1">
              <lines>
                <line number="24" hits="22" branch="False" />
              </lines>
            </method>
            <method name="get_HasSplitNameMapping" signature="()" line-rate="1" branch-rate="1" complexity="2">
              <lines>
                <line number="25" hits="20" branch="True" condition-coverage="100% (2/2)">
                  <conditions>
                    <condition number="11" type="jump" coverage="100%" />
                  </conditions>
                </line>
              </lines>
            </method>
            <method name="get_HasFullNameMapping" signature="()" line-rate="1" branch-rate="1" complexity="1">
              <lines>
                <line number="26" hits="11" branch="False" />
              </lines>
            </method>
            <method name="get_HasNameMapping" signature="()" line-rate="1" branch-rate="1" complexity="2">
              <lines>
                <line number="27" hits="20" branch="True" condition-coverage="100% (2/2)">
                  <conditions>
                    <condition number="6" type="jump" coverage="100%" />
                  </conditions>
                </line>
              </lines>
            </method>
            <method name="get_IsValid" signature="()" line-rate="1" branch-rate="1" complexity="2">
              <lines>
                <line number="28" hits="11" branch="True" condition-coverage="100% (2/2)">
                  <conditions>
                    <condition number="6" type="jump" coverage="100%" />
                  </conditions>
                </line>
              </lines>
            </method>
            <method name=".ctor" signature="(System.String,System.String,System.String,System.String,System.String,System.String)" line-rate="1" branch-rate="1" complexity="1">
              <lines>
                <line number="16" hits="13" branch="False" />
                <line number="23" hits="13" branch="False" />
              </lines>
            </method>
          </methods>
          <lines>
            <line number="17" hits="35" branch="False" />
            <line number="18" hits="31" branch="False" />
            <line number="19" hits="20" branch="False" />
            <line number="20" hits="22" branch="False" />
            <line number="21" hits="12" branch="False" />
            <line number="22" hits="12" branch="False" />
            <line number="24" hits="22" branch="False" />
            <line number="25" hits="20" branch="True" condition-coverage="100% (2/2)">
              <conditions>
                <condition number="11" type="jump" coverage="100%" />
              </conditions>
            </line>
            <line number="26" hits="11" branch="False" />
            <line number="27" hits="20" branch="True" condition-coverage="100% (2/2)">
              <conditions>
                <condition number="6" type="jump" coverage="100%" />
              </conditions>
            </line>
            <line number="28" hits="11" branch="True" condition-coverage="100% (2/2)">
              <conditions>
                <condition number="6" type="jump" coverage="100%" />
              </conditions>
            </line>
            <line number="16" hits="13" branch="False" />
            <line number="23" hits="13" branch="False" />
          </lines>
        </class>
        <class name="BathroomSync.Core.RosterPreviewData" filename="Domain/RosterModels.cs" line-rate="1" branch-rate="1" complexity="6">
          <methods>
            <method name="get_Headers" signature="()" line-rate="1" branch-rate="1" complexity="1">
              <lines>
                <line number="32" hits="1" branch="False" />
              </lines>
            </method>
            <method name="get_SampleRows" signature="()" line-rate="1" branch-rate="1" complexity="1">
              <lines>
                <line number="33" hits="2" branch="False" />
              </lines>
            </method>
            <method name="get_TotalRowCount" signature="()" line-rate="1" branch-rate="1" complexity="1">
              <lines>
                <line number="34" hits="5" branch="False" />
              </lines>
            </method>
            <method name="get_SuggestedMapping" signature="()" line-rate="1" branch-rate="1" complexity="1">
              <lines>
                <line number="35" hits="29" branch="False" />
              </lines>
            </method>
            <method name="get_MissingRequiredFields" signature="()" line-rate="1" branch-rate="1" complexity="1">
              <lines>
                <line number="36" hits="3" branch="False" />
              </lines>
            </method>
            <method name=".ctor" signature="(System.Collections.Generic.IReadOnlyList`1&lt;System.String&gt;,System.Collections.Generic.IReadOnlyList`1&lt;System.Collections.Generic.IReadOnlyList`1&lt;System.String&gt;&gt;,System.Int32,BathroomSync.Core.RosterColumnMapping,System.Collections.Generic.IReadOnlyList`1&lt;System.String&gt;)" line-rate="1" branch-rate="1" complexity="1">
              <lines>
                <line number="31" hits="12" branch="False" />
                <line number="37" hits="12" branch="False" />
              </lines>
            </method>
          </methods>
          <lines>
            <line number="32" hits="1" branch="False" />
            <line number="33" hits="2" branch="False" />
            <line number="34" hits="5" branch="False" />
            <line number="35" hits="29" branch="False" />
            <line number="36" hits="3" branch="False" />
            <line number="31" hits="12" branch="False" />
            <line number="37" hits="12" branch="False" />
          </lines>
        </class>
        <class name="BathroomSync.Core.RosterRowError" filename="Domain/RosterModels.cs" line-rate="0.8332999999999999" branch-rate="1" complexity="5">
          <methods>
            <method name="get_RowNumber" signature="()" line-rate="1" branch-rate="1" complexity="1">
              <lines>
                <line number="40" hits="3" branch="False" />
              </lines>
            </method>
            <method name="get_Field" signature="()" line-rate="1" branch-rate="1" complexity="1">
              <lines>
                <line number="41" hits="2" branch="False" />
              </lines>
            </method>
            <method name="get_ErrorMessage" signature="()" line-rate="1" branch-rate="1" complexity="1">
              <lines>
                <line number="42" hits="1" branch="False" />
              </lines>
            </method>
            <method name="get_RawLine" signature="()" line-rate="0" branch-rate="1" complexity="1">
              <lines>
                <line number="43" hits="0" branch="False" />
              </lines>
            </method>
            <method name=".ctor" signature="(System.Int32,System.String,System.String,System.String)" line-rate="1" branch-rate="1" complexity="1">
              <lines>
                <line number="39" hits="6" branch="False" />
                <line number="44" hits="6" branch="False" />
              </lines>
            </method>
          </methods>
          <lines>
            <line number="40" hits="3" branch="False" />
            <line number="41" hits="2" branch="False" />
            <line number="42" hits="1" branch="False" />
            <line number="43" hits="0" branch="False" />
            <line number="39" hits="6" branch="False" />
            <line number="44" hits="6" branch="False" />
          </lines>
        </class>
        <class name="BathroomSync.Core.RosterImportResult" filename="Domain/RosterModels.cs" line-rate="0.8887999999999999" branch-rate="0" complexity="9">
          <methods>
            <method name="get_TotalRows" signature="()" line-rate="1" branch-rate="1" complexity="1">
              <lines>
                <line number="47" hits="1" branch="False" />
              </lines>
            </method>
            <method name="get_ImportedCount" signature="()" line-rate="1" branch-rate="1" complexity="1">
              <lines>
                <line number="48" hits="10" branch="False" />
              </lines>
            </method>
            <method name="get_SkippedCount" signature="()" line-rate="1" branch-rate="1" complexity="1">
              <lines>
                <line number="49" hits="1" branch="False" />
              </lines>
            </method>
            <method name="get_Errors" signature="()" line-rate="1" branch-rate="1" complexity="1">
              <lines>
                <line number="50" hits="8" branch="False" />
              </lines>
            </method>
            <method name="get_ValidStudents" signature="()" line-rate="1" branch-rate="1" complexity="1">
              <lines>
                <line number="51" hits="31" branch="False" />
              </lines>
            </method>
            <method name="get_HasErrors" signature="()" line-rate="1" branch-rate="1" complexity="1">
              <lines>
                <line number="53" hits="4" branch="False" />
              </lines>
            </method>
            <method name="get_Success" signature="()" line-rate="0" branch-rate="0" complexity="2">
              <lines>
                <line number="54" hits="0" branch="True" condition-coverage="0% (0/2)">
                  <conditions>
                    <condition number="7" type="jump" coverage="0%" />
                  </conditions>
                </line>
              </lines>
            </method>
            <method name=".ctor" signature="(System.Int32,System.Int32,System.Int32,System.Collections.Generic.IReadOnlyList`1&lt;BathroomSync.Core.RosterRowError&gt;,System.Collections.Generic.IReadOnlyList`1&lt;BathroomSync.Core.RosterStudent&gt;)" line-rate="1" branch-rate="1" complexity="1">
              <lines>
                <line number="46" hits="13" branch="False" />
                <line number="52" hits="13" branch="False" />
              </lines>
            </method>
          </methods>
          <lines>
            <line number="47" hits="1" branch="False" />
            <line number="48" hits="10" branch="False" />
            <line number="49" hits="1" branch="False" />
            <line number="50" hits="8" branch="False" />
            <line number="51" hits="31" branch="False" />
            <line number="53" hits="4" branch="False" />
            <line number="54" hits="0" branch="True" condition-coverage="0% (0/2)">
              <conditions>
                <condition number="7" type="jump" coverage="0%" />
              </conditions>
            </line>
            <line number="46" hits="13" branch="False" />
            <line number="52" hits="13" branch="False" />
          </lines>
        </class>
        <class name="BathroomSync.Core.TripStatusExtensions" filename="Domain/TripModels.cs" line-rate="1" branch-rate="1" complexity="10">
          <methods>
            <method name="ParseStatus" signature="(System.String)" line-rate="1" branch-rate="1" complexity="6">
              <lines>
                <line number="10" hits="4" branch="False" />
                <line number="11" hits="4" branch="True" condition-coverage="100% (4/4)">
                  <conditions>
                    <condition number="13" type="jump" coverage="100%" />
                    <condition number="32" type="jump" coverage="100%" />
                  </conditions>
                </line>
                <line number="12" hits="6" branch="False" />
                <line number="13" hits="2" branch="False" />
                <line number="15" hits="3" branch="True" condition-coverage="100% (2/2)">
                  <conditions>
                    <condition number="53" type="jump" coverage="100%" />
                  </conditions>
                </line>
                <line number="16" hits="1" branch="False" />
                <line number="18" hits="1" branch="False" />
                <line number="19" hits="4" branch="False" />
              </lines>
            </method>
            <method name="ToStorageString" signature="(BathroomSync.Core.TripStatus)" line-rate="1" branch-rate="1" complexity="4">
              <lines>
                <line number="21" hits="3" branch="True" condition-coverage="100% (4/4)">
                  <conditions>
                    <condition number="5" type="jump" coverage="100%" />
                    <condition number="11" type="jump" coverage="100%" />
                  </conditions>
                </line>
                <line number="22" hits="1" branch="False" />
                <line number="23" hits="1" branch="False" />
                <line number="24" hits="1" branch="False" />
                <line number="25" hits="3" branch="False" />
              </lines>
            </method>
          </methods>
          <lines>
            <line number="10" hits="4" branch="False" />
            <line number="11" hits="4" branch="True" condition-coverage="100% (4/4)">
              <conditions>
                <condition number="13" type="jump" coverage="100%" />
                <condition number="32" type="jump" coverage="100%" />
              </conditions>
            </line>
            <line number="12" hits="6" branch="False" />
            <line number="13" hits="2" branch="False" />
            <line number="15" hits="3" branch="True" condition-coverage="100% (2/2)">
              <conditions>
                <condition number="53" type="jump" coverage="100%" />
              </conditions>
            </line>
            <line number="16" hits="1" branch="False" />
            <line number="18" hits="1" branch="False" />
            <line number="19" hits="4" branch="False" />
            <line number="21" hits="3" branch="True" condition-coverage="100% (4/4)">
              <conditions>
                <condition number="5" type="jump" coverage="100%" />
                <condition number="11" type="jump" coverage="100%" />
              </conditions>
            </line>
            <line number="22" hits="1" branch="False" />
            <line number="23" hits="1" branch="False" />
            <line number="24" hits="1" branch="False" />
            <line number="25" hits="3" branch="False" />
          </lines>
        </class>
        <class name="BathroomSync.Core.TripRecord" filename="Domain/TripModels.cs" line-rate="1" branch-rate="1" complexity="10">
          <methods>
            <method name="get_TripId" signature="()" line-rate="1" branch-rate="1" complexity="1">
              <lines>
                <line number="29" hits="2" branch="False" />
              </lines>
            </method>
            <method name="get_StudentId" signature="()" line-rate="1" branch-rate="1" complexity="1">
              <lines>
                <line number="30" hits="4" branch="False" />
              </lines>
            </method>
            <method name="get_TripDate" signature="()" line-rate="1" branch-rate="1" complexity="1">
              <lines>
                <line number="31" hits="2" branch="False" />
              </lines>
            </method>
            <method name="get_TimeOut" signature="()" line-rate="1" branch-rate="1" complexity="1">
              <lines>
                <line number="32" hits="2" branch="False" />
              </lines>
            </method>
            <method name="get_TimeIn" signature="()" line-rate="1" branch-rate="1" complexity="1">
              <lines>
                <line number="33" hits="2" branch="False" />
              </lines>
            </method>
            <method name="get_DurationSeconds" signature="()" line-rate="1" branch-rate="1" complexity="1">
              <lines>
                <line number="34" hits="2" branch="False" />
              </lines>
            </method>
            <method name="get_Status" signature="()" line-rate="1" branch-rate="1" complexity="1">
              <lines>
                <line number="35" hits="2" branch="False" />
              </lines>
            </method>
            <method name="get_SyncedAt" signature="()" line-rate="1" branch-rate="1" complexity="1">
              <lines>
                <line number="36" hits="2" branch="False" />
              </lines>
            </method>
            <method name="get_TerminalId" signature="()" line-rate="1" branch-rate="1" complexity="1">
              <lines>
                <line number="37" hits="2" branch="False" />
              </lines>
            </method>
            <method name=".ctor" signature="(System.Int64,System.String,System.String,System.String,System.String,System.Int32,System.String,System.DateTime,System.String)" line-rate="1" branch-rate="1" complexity="1">
              <lines>
                <line number="28" hits="2" branch="False" />
                <line number="38" hits="2" branch="False" />
              </lines>
            </method>
          </methods>
          <lines>
            <line number="29" hits="2" branch="False" />
            <line number="30" hits="4" branch="False" />
            <line number="31" hits="2" branch="False" />
            <line number="32" hits="2" branch="False" />
            <line number="33" hits="2" branch="False" />
            <line number="34" hits="2" branch="False" />
            <line number="35" hits="2" branch="False" />
            <line number="36" hits="2" branch="False" />
            <line number="37" hits="2" branch="False" />
            <line number="28" hits="2" branch="False" />
            <line number="38" hits="2" branch="False" />
          </lines>
        </class>
        <class name="BathroomSync.Core.EnrichedTripRecord" filename="Domain/TripModels.cs" line-rate="1" branch-rate="1" complexity="20">
          <methods>
            <method name="get_TripId" signature="()" line-rate="1" branch-rate="1" complexity="1">
              <lines>
                <line number="41" hits="12" branch="False" />
              </lines>
            </method>
            <method name="get_StudentId" signature="()" line-rate="1" branch-rate="1" complexity="1">
              <lines>
                <line number="42" hits="7" branch="False" />
              </lines>
            </method>
            <method name="get_TripDate" signature="()" line-rate="1" branch-rate="1" complexity="1">
              <lines>
                <line number="43" hits="5" branch="False" />
              </lines>
            </method>
            <method name="get_TimeOut" signature="()" line-rate="1" branch-rate="1" complexity="1">
              <lines>
                <line number="44" hits="5" branch="False" />
              </lines>
            </method>
            <method name="get_TimeIn" signature="()" line-rate="1" branch-rate="1" complexity="1">
              <lines>
                <line number="45" hits="5" branch="False" />
              </lines>
            </method>
            <method name="get_DurationSeconds" signature="()" line-rate="1" branch-rate="1" complexity="1">
              <lines>
                <line number="46" hits="5" branch="False" />
              </lines>
            </method>
            <method name="get_Status" signature="()" line-rate="1" branch-rate="1" complexity="1">
              <lines>
                <line number="47" hits="5" branch="False" />
              </lines>
            </method>
            <method name="get_SyncedAt" signature="()" line-rate="1" branch-rate="1" complexity="1">
              <lines>
                <line number="48" hits="5" branch="False" />
              </lines>
            </method>
            <method name="get_TerminalId" signature="()" line-rate="1" branch-rate="1" complexity="1">
              <lines>
                <line number="49" hits="5" branch="False" />
              </lines>
            </method>
            <method name="get_FirstName" signature="()" line-rate="1" branch-rate="1" complexity="1">
              <lines>
                <line number="50" hits="23" branch="False" />
              </lines>
            </method>
            <method name="get_LastName" signature="()" line-rate="1" branch-rate="1" complexity="1">
              <lines>
                <line number="51" hits="14" branch="False" />
              </lines>
            </method>
            <method name="get_Grade" signature="()" line-rate="1" branch-rate="1" complexity="1">
              <lines>
                <line number="52" hits="7" branch="False" />
              </lines>
            </method>
            <method name="get_ClassPeriod" signature="()" line-rate="1" branch-rate="1" complexity="1">
              <lines>
                <line number="53" hits="8" branch="False" />
              </lines>
            </method>
            <method name="get_FullName" signature="()" line-rate="1" branch-rate="1" complexity="4">
              <lines>
                <line number="56" hits="14" branch="True" condition-coverage="100% (4/4)">
                  <conditions>
                    <condition number="11" type="jump" coverage="100%" />
                    <condition number="24" type="jump" coverage="100%" />
                  </conditions>
                </line>
                <line number="57" hits="14" branch="False" />
                <line number="58" hits="14" branch="False" />
              </lines>
            </method>
            <method name="get_DisplayName" signature="()" line-rate="1" branch-rate="1" complexity="2">
              <lines>
                <line number="60" hits="4" branch="True" condition-coverage="100% (2/2)">
                  <conditions>
                    <condition number="7" type="jump" coverage="100%" />
                  </conditions>
                </line>
              </lines>
            </method>
            <method name=".ctor" signature="(System.Int64,System.String,System.String,System.String,System.String,System.Int32,System.String,System.DateTime,System.String,System.String,System.String,System.String,System.String)" line-rate="1" branch-rate="1" complexity="1">
              <lines>
                <line number="40" hits="20" branch="False" />
                <line number="54" hits="20" branch="False" />
              </lines>
            </method>
          </methods>
          <lines>
            <line number="41" hits="12" branch="False" />
            <line number="42" hits="7" branch="False" />
            <line number="43" hits="5" branch="False" />
            <line number="44" hits="5" branch="False" />
            <line number="45" hits="5" branch="False" />
            <line number="46" hits="5" branch="False" />
            <line number="47" hits="5" branch="False" />
            <line number="48" hits="5" branch="False" />
            <line number="49" hits="5" branch="False" />
            <line number="50" hits="23" branch="False" />
            <line number="51" hits="14" branch="False" />
            <line number="52" hits="7" branch="False" />
            <line number="53" hits="8" branch="False" />
            <line number="56" hits="14" branch="True" condition-coverage="100% (4/4)">
              <conditions>
                <condition number="11" type="jump" coverage="100%" />
                <condition number="24" type="jump" coverage="100%" />
              </conditions>
            </line>
            <line number="57" hits="14" branch="False" />
            <line number="58" hits="14" branch="False" />
            <line number="60" hits="4" branch="True" condition-coverage="100% (2/2)">
              <conditions>
                <condition number="7" type="jump" coverage="100%" />
              </conditions>
            </line>
            <line number="40" hits="20" branch="False" />
            <line number="54" hits="20" branch="False" />
          </lines>
        </class>
        <class name="BathroomSync.Core.TripQueryFilter" filename="Domain/TripModels.cs" line-rate="1" branch-rate="1" complexity="10">
          <methods>
            <method name="get_SearchText" signature="()" line-rate="1" branch-rate="1" complexity="1">
              <lines>
                <line number="64" hits="13" branch="False" />
              </lines>
            </method>
            <method name="get_Status" signature="()" line-rate="1" branch-rate="1" complexity="1">
              <lines>
                <line number="65" hits="21" branch="False" />
              </lines>
            </method>
            <method name="get_StartDate" signature="()" line-rate="1" branch-rate="1" complexity="1">
              <lines>
                <line number="66" hits="12" branch="False" />
              </lines>
            </method>
            <method name="get_EndDate" signature="()" line-rate="1" branch-rate="1" complexity="1">
              <lines>
                <line number="67" hits="12" branch="False" />
              </lines>
            </method>
            <method name="get_ProfileId" signature="()" line-rate="1" branch-rate="1" complexity="1">
              <lines>
                <line number="68" hits="11" branch="False" />
              </lines>
            </method>
            <method name="get_TerminalId" signature="()" line-rate="1" branch-rate="1" complexity="1">
              <lines>
                <line number="69" hits="11" branch="False" />
              </lines>
            </method>
            <method name="get_Limit" signature="()" line-rate="1" branch-rate="1" complexity="1">
              <lines>
                <line number="70" hits="9" branch="False" />
              </lines>
            </method>
            <method name="get_Offset" signature="()" line-rate="1" branch-rate="1" complexity="1">
              <lines>
                <line number="71" hits="9" branch="False" />
              </lines>
            </method>
            <method name="get_OrderBy" signature="()" line-rate="1" branch-rate="1" complexity="1">
              <lines>
                <line number="72" hits="9" branch="False" />
              </lines>
            </method>
            <method name=".ctor" signature="(System.String,System.String,System.String,System.String,System.String,System.String,System.Int32,System.Int32,System.String)" line-rate="1" branch-rate="1" complexity="1">
              <lines>
                <line number="63" hits="11" branch="False" />
                <line number="73" hits="11" branch="False" />
              </lines>
            </method>
          </methods>
          <lines>
            <line number="64" hits="13" branch="False" />
            <line number="65" hits="21" branch="False" />
            <line number="66" hits="12" branch="False" />
            <line number="67" hits="12" branch="False" />
            <line number="68" hits="11" branch="False" />
            <line number="69" hits="11" branch="False" />
            <line number="70" hits="9" branch="False" />
            <line number="71" hits="9" branch="False" />
            <line number="72" hits="9" branch="False" />
            <line number="63" hits="11" branch="False" />
            <line number="73" hits="11" branch="False" />
          </lines>
        </class>
        <class name="BathroomSync.Core.TripSummary" filename="Domain/TripModels.cs" line-rate="1" branch-rate="1" complexity="6">
          <methods>
            <method name="get_TotalTrips" signature="()" line-rate="1" branch-rate="1" complexity="1">
              <lines>
                <line number="76" hits="1" branch="False" />
              </lines>
            </method>
            <method name="get_CompletedTrips" signature="()" line-rate="1" branch-rate="1" complexity="1">
              <lines>
                <line number="77" hits="1" branch="False" />
              </lines>
            </method>
            <method name="get_ManualResetTrips" signature="()" line-rate="1" branch-rate="1" complexity="1">
              <lines>
                <line number="78" hits="1" branch="False" />
              </lines>
            </method>
            <method name="get_UniqueStudents" signature="()" line-rate="1" branch-rate="1" complexity="1">
              <lines>
                <line number="79" hits="1" branch="False" />
              </lines>
            </method>
            <method name="get_AverageDurationSeconds" signature="()" line-rate="1" branch-rate="1" complexity="1">
              <lines>
                <line number="80" hits="1" branch="False" />
              </lines>
            </method>
            <method name=".ctor" signature="(System.Int32,System.Int32,System.Int32,System.Int32,System.Double)" line-rate="1" branch-rate="1" complexity="1">
              <lines>
                <line number="75" hits="1" branch="False" />
                <line number="81" hits="1" branch="False" />
              </lines>
            </method>
          </methods>
          <lines>
            <line number="76" hits="1" branch="False" />
            <line number="77" hits="1" branch="False" />
            <line number="78" hits="1" branch="False" />
            <line number="79" hits="1" branch="False" />
            <line number="80" hits="1" branch="False" />
            <line number="75" hits="1" branch="False" />
            <line number="81" hits="1" branch="False" />
          </lines>
        </class>
        <class name="BathroomSync.Core.KioskSettingsProtocol" filename="KioskSettingsProtocol.cs" line-rate="1" branch-rate="1" complexity="4">
          <methods>
            <method name="BuildStudentIdLengthCommand" signature="(System.Int32)" line-rate="1" branch-rate="1" complexity="4">
              <lines>
                <line number="9" hits="3" branch="False" />
                <line number="10" hits="3" branch="True" condition-coverage="100% (4/4)">
                  <conditions>
                    <condition number="3" type="jump" coverage="100%" />
                    <condition number="15" type="jump" coverage="100%" />
                  </conditions>
                </line>
                <line number="11" hits="2" branch="False" />
                <line number="12" hits="1" branch="False" />
                <line number="13" hits="1" branch="False" />
              </lines>
            </method>
          </methods>
          <lines>
            <line number="9" hits="3" branch="False" />
            <line number="10" hits="3" branch="True" condition-coverage="100% (4/4)">
              <conditions>
                <condition number="3" type="jump" coverage="100%" />
                <condition number="15" type="jump" coverage="100%" />
              </conditions>
            </line>
            <line number="11" hits="2" branch="False" />
            <line number="12" hits="1" branch="False" />
            <line number="13" hits="1" branch="False" />
          </lines>
        </class>
        <class name="BathroomSync.Core.ActivePassInfo" filename="Protocol/ActivePassProtocol.cs" line-rate="1" branch-rate="1" complexity="7">
          <methods>
            <method name="get_Status" signature="()" line-rate="1" branch-rate="1" complexity="1">
              <lines>
                <line number="10" hits="4" branch="False" />
              </lines>
            </method>
            <method name="get_StudentId" signature="()" line-rate="1" branch-rate="1" complexity="1">
              <lines>
                <line number="11" hits="3" branch="False" />
              </lines>
            </method>
            <method name="get_CheckoutEpochSeconds" signature="()" line-rate="1" branch-rate="1" complexity="1">
              <lines>
                <line number="12" hits="2" branch="False" />
              </lines>
            </method>
            <method name="get_CheckedOutAt" signature="()" line-rate="1" branch-rate="1" complexity="1">
              <lines>
                <line number="13" hits="2" branch="False" />
              </lines>
            </method>
            <method name="Available" signature="()" line-rate="1" branch-rate="1" complexity="1">
              <lines>
                <line number="15" hits="2" branch="False" />
              </lines>
            </method>
            <method name="Occupied" signature="(System.String,System.Int64)" line-rate="1" branch-rate="1" complexity="1">
              <lines>
                <line number="16" hits="2" branch="False" />
                <line number="17" hits="2" branch="False" />
                <line number="18" hits="2" branch="False" />
                <line number="19" hits="2" branch="False" />
              </lines>
            </method>
            <method name=".ctor" signature="(BathroomSync.Core.ActivePassStatus,System.String,System.Nullable`1&lt;System.Int64&gt;,System.Nullable`1&lt;System.DateTime&gt;)" line-rate="1" branch-rate="1" complexity="1">
              <lines>
                <line number="9" hits="4" branch="False" />
                <line number="14" hits="4" branch="False" />
              </lines>
            </method>
          </methods>
          <lines>
            <line number="10" hits="4" branch="False" />
            <line number="11" hits="3" branch="False" />
            <line number="12" hits="2" branch="False" />
            <line number="13" hits="2" branch="False" />
            <line number="15" hits="2" branch="False" />
            <line number="16" hits="2" branch="False" />
            <line number="17" hits="2" branch="False" />
            <line number="18" hits="2" branch="False" />
            <line number="19" hits="2" branch="False" />
            <line number="9" hits="4" branch="False" />
            <line number="14" hits="4" branch="False" />
          </lines>
        </class>
        <class name="BathroomSync.Core.LivePassEvent" filename="Protocol/ActivePassProtocol.cs" line-rate="1" branch-rate="1" complexity="10">
          <methods>
            <method name="get_EventType" signature="()" line-rate="1" branch-rate="1" complexity="1">
              <lines>
                <line number="29" hits="10" branch="False" />
              </lines>
            </method>
            <method name="get_StudentId" signature="()" line-rate="1" branch-rate="1" complexity="1">
              <lines>
                <line number="30" hits="4" branch="False" />
              </lines>
            </method>
            <method name="get_Value" signature="()" line-rate="1" branch-rate="1" complexity="1">
              <lines>
                <line number="31" hits="7" branch="False" />
              </lines>
            </method>
            <method name="get_CheckoutTime" signature="()" line-rate="1" branch-rate="1" complexity="4">
              <lines>
                <line number="34" hits="2" branch="True" condition-coverage="100% (4/4)">
                  <conditions>
                    <condition number="6" type="jump" coverage="100%" />
                    <condition number="16" type="jump" coverage="100%" />
                  </conditions>
                </line>
                <line number="35" hits="2" branch="False" />
                <line number="36" hits="2" branch="False" />
              </lines>
            </method>
            <method name="get_DurationSeconds" signature="()" line-rate="1" branch-rate="1" complexity="2">
              <lines>
                <line number="39" hits="3" branch="True" condition-coverage="100% (2/2)">
                  <conditions>
                    <condition number="6" type="jump" coverage="100%" />
                  </conditions>
                </line>
              </lines>
            </method>
            <method name=".ctor" signature="(BathroomSync.Core.LivePassEventType,System.String,System.Int64)" line-rate="1" branch-rate="1" complexity="1">
              <lines>
                <line number="28" hits="5" branch="False" />
                <line number="32" hits="5" branch="False" />
              </lines>
            </method>
          </methods>
          <lines>
            <line number="29" hits="10" branch="False" />
            <line number="30" hits="4" branch="False" />
            <line number="31" hits="7" branch="False" />
            <line number="34" hits="2" branch="True" condition-coverage="100% (4/4)">
              <conditions>
                <condition number="6" type="jump" coverage="100%" />
                <condition number="16" type="jump" coverage="100%" />
              </conditions>
            </line>
            <line number="35" hits="2" branch="False" />
            <line number="36" hits="2" branch="False" />
            <line number="39" hits="3" branch="True" condition-coverage="100% (2/2)">
              <conditions>
                <condition number="6" type="jump" coverage="100%" />
              </conditions>
            </line>
            <line number="28" hits="5" branch="False" />
            <line number="32" hits="5" branch="False" />
          </lines>
        </class>
        <class name="BathroomSync.Core.ActivePassProtocol" filename="Protocol/ActivePassProtocol.cs" line-rate="1" branch-rate="1" complexity="33">
          <methods>
            <method name="BuildGetActivePassCommand" signature="()" line-rate="1" branch-rate="1" complexity="1">
              <lines>
                <line number="45" hits="1" branch="False" />
              </lines>
            </method>
            <method name="TryParseActivePassResponse" signature="(System.String,BathroomSync.Core.ActivePassInfo&amp;)" line-rate="1" branch-rate="1" complexity="14">
              <lines>
                <line number="47" hits="279" branch="False" />
                <line number="48" hits="279" branch="False" />
                <line number="49" hits="280" branch="True" condition-coverage="100% (2/2)">
                  <conditions>
                    <condition number="14" type="jump" coverage="100%" />
                  </conditions>
                </line>
                <line number="51" hits="278" branch="False" />
                <line number="52" hits="550" branch="True" condition-coverage="100% (2/2)">
                  <conditions>
                    <condition number="50" type="jump" coverage="100%" />
                  </conditions>
                </line>
                <line number="54" hits="6" branch="False" />
                <line number="55" hits="8" branch="True" condition-coverage="100% (2/2)">
                  <conditions>
                    <condition number="99" type="jump" coverage="100%" />
                  </conditions>
                </line>
                <line number="56" hits="2" branch="False" />
                <line number="57" hits="2" branch="False" />
                <line number="60" hits="4" branch="False" />
                <line number="61" hits="4" branch="True" condition-coverage="100% (8/8)">
                  <conditions>
                    <condition number="128" type="jump" coverage="100%" />
                    <condition number="138" type="jump" coverage="100%" />
                    <condition number="150" type="jump" coverage="100%" />
                    <condition number="164" type="jump" coverage="100%" />
                  </conditions>
                </line>
                <line number="62" hits="4" branch="False" />
                <line number="63" hits="4" branch="False" />
                <line number="64" hits="6" branch="False" />
                <line number="65" hits="2" branch="False" />
                <line number="66" hits="2" branch="False" />
                <line number="69" hits="2" branch="False" />
                <line number="70" hits="279" branch="False" />
              </lines>
            </method>
            <method name="TryParseLiveEvent" signature="(System.String,BathroomSync.Core.LivePassEvent&amp;)" line-rate="1" branch-rate="1" complexity="18">
              <lines>
                <line number="72" hits="278" branch="False" />
                <line number="73" hits="278" branch="False" />
                <line number="74" hits="279" branch="True" condition-coverage="100% (2/2)">
                  <conditions>
                    <condition number="14" type="jump" coverage="100%" />
                  </conditions>
                </line>
                <line number="76" hits="277" branch="False" />
                <line number="77" hits="545" branch="True" condition-coverage="100% (2/2)">
                  <conditions>
                    <condition number="50" type="jump" coverage="100%" />
                  </conditions>
                </line>
                <line number="79" hits="9" branch="False" />
                <line number="80" hits="10" branch="True" condition-coverage="100% (2/2)">
                  <conditions>
                    <condition number="83" type="jump" coverage="100%" />
                  </conditions>
                </line>
                <line number="82" hits="8" branch="False" />
                <line number="83" hits="8" branch="False" />
                <line number="84" hits="10" branch="True" condition-coverage="100% (6/6)">
                  <conditions>
                    <condition number="117" type="jump" coverage="100%" />
                    <condition number="129" type="jump" coverage="100%" />
                    <condition number="144" type="jump" coverage="100%" />
                  </conditions>
                </line>
                <line number="85" hits="2" branch="False" />
                <line number="89" hits="8" branch="True" condition-coverage="100% (2/2)">
                  <conditions>
                    <condition number="167" type="jump" coverage="100%" />
                  </conditions>
                </line>
                <line number="90" hits="2" branch="False" />
                <line number="91" hits="8" branch="True" condition-coverage="100% (2/2)">
                  <conditions>
                    <condition number="191" type="jump" coverage="100%" />
                  </conditions>
                </line>
                <line number="92" hits="2" branch="False" />
                <line number="93" hits="5" branch="True" condition-coverage="100% (2/2)">
                  <conditions>
                    <condition number="215" type="jump" coverage="100%" />
                  </conditions>
                </line>
                <line number="94" hits="1" branch="False" />
                <line number="95" hits="2" branch="False" />
                <line number="96" hits="1" branch="False" />
                <line number="99" hits="5" branch="False" />
                <line number="100" hits="5" branch="False" />
                <line number="101" hits="278" branch="False" />
              </lines>
            </method>
          </methods>
          <lines>
            <line number="45" hits="1" branch="False" />
            <line number="47" hits="279" branch="False" />
            <line number="48" hits="279" branch="False" />
            <line number="49" hits="280" branch="True" condition-coverage="100% (2/2)">
              <conditions>
                <condition number="14" type="jump" coverage="100%" />
              </conditions>
            </line>
            <line number="51" hits="278" branch="False" />
            <line number="52" hits="550" branch="True" condition-coverage="100% (2/2)">
              <conditions>
                <condition number="50" type="jump" coverage="100%" />
              </conditions>
            </line>
            <line number="54" hits="6" branch="False" />
            <line number="55" hits="8" branch="True" condition-coverage="100% (2/2)">
              <conditions>
                <condition number="99" type="jump" coverage="100%" />
              </conditions>
            </line>
            <line number="56" hits="2" branch="False" />
            <line number="57" hits="2" branch="False" />
            <line number="60" hits="4" branch="False" />
            <line number="61" hits="4" branch="True" condition-coverage="100% (8/8)">
              <conditions>
                <condition number="128" type="jump" coverage="100%" />
                <condition number="138" type="jump" coverage="100%" />
                <condition number="150" type="jump" coverage="100%" />
                <condition number="164" type="jump" coverage="100%" />
              </conditions>
            </line>
            <line number="62" hits="4" branch="False" />
            <line number="63" hits="4" branch="False" />
            <line number="64" hits="6" branch="False" />
            <line number="65" hits="2" branch="False" />
            <line number="66" hits="2" branch="False" />
            <line number="69" hits="2" branch="False" />
            <line number="70" hits="279" branch="False" />
            <line number="72" hits="278" branch="False" />
            <line number="73" hits="278" branch="False" />
            <line number="74" hits="279" branch="True" condition-coverage="100% (2/2)">
              <conditions>
                <condition number="14" type="jump" coverage="100%" />
              </conditions>
            </line>
            <line number="76" hits="277" branch="False" />
            <line number="77" hits="545" branch="True" condition-coverage="100% (2/2)">
              <conditions>
                <condition number="50" type="jump" coverage="100%" />
              </conditions>
            </line>
            <line number="79" hits="9" branch="False" />
            <line number="80" hits="10" branch="True" condition-coverage="100% (2/2)">
              <conditions>
                <condition number="83" type="jump" coverage="100%" />
              </conditions>
            </line>
            <line number="82" hits="8" branch="False" />
            <line number="83" hits="8" branch="False" />
            <line number="84" hits="10" branch="True" condition-coverage="100% (6/6)">
              <conditions>
                <condition number="117" type="jump" coverage="100%" />
                <condition number="129" type="jump" coverage="100%" />
                <condition number="144" type="jump" coverage="100%" />
              </conditions>
            </line>
            <line number="85" hits="2" branch="False" />
            <line number="89" hits="8" branch="True" condition-coverage="100% (2/2)">
              <conditions>
                <condition number="167" type="jump" coverage="100%" />
              </conditions>
            </line>
            <line number="90" hits="2" branch="False" />
            <line number="91" hits="8" branch="True" condition-coverage="100% (2/2)">
              <conditions>
                <condition number="191" type="jump" coverage="100%" />
              </conditions>
            </line>
            <line number="92" hits="2" branch="False" />
            <line number="93" hits="5" branch="True" condition-coverage="100% (2/2)">
              <conditions>
                <condition number="215" type="jump" coverage="100%" />
              </conditions>
            </line>
            <line number="94" hits="1" branch="False" />
            <line number="95" hits="2" branch="False" />
            <line number="96" hits="1" branch="False" />
            <line number="99" hits="5" branch="False" />
            <line number="100" hits="5" branch="False" />
            <line number="101" hits="278" branch="False" />
          </lines>
        </class>
        <class name="BathroomSync.Core.RosterCsvParser" filename="Roster/RosterCsvParser.cs" line-rate="0.8856999999999999" branch-rate="0.8968" complexity="253">
          <methods>
            <method name="Analyze" signature="(System.IO.TextReader,System.Int32)" line-rate="1" branch-rate="1" complexity="6">
              <lines>
                <line number="7" hits="12" branch="False" />
                <line number="8" hits="12" branch="False" />
                <line number="9" hits="13" branch="True" condition-coverage="100% (2/2)">
                  <conditions>
                    <condition number="21" type="jump" coverage="100%" />
                  </conditions>
                </line>
                <line number="10" hits="1" branch="False" />
                <line number="11" hits="1" branch="False" />
                <line number="12" hits="1" branch="False" />
                <line number="13" hits="1" branch="False" />
                <line number="14" hits="1" branch="False" />
                <line number="15" hits="1" branch="False" />
                <line number="16" hits="1" branch="False" />
                <line number="19" hits="11" branch="False" />
                <line number="20" hits="52" branch="False" />
                <line number="21" hits="11" branch="False" />
                <line number="23" hits="11" branch="False" />
                <line number="24" hits="11" branch="False" />
                <line number="25" hits="13" branch="True" condition-coverage="100% (2/2)">
                  <conditions>
                    <condition number="179" type="jump" coverage="100%" />
                  </conditions>
                </line>
                <line number="26" hits="12" branch="True" condition-coverage="100% (2/2)">
                  <conditions>
                    <condition number="208" type="jump" coverage="100%" />
                  </conditions>
                </line>
                <line number="28" hits="11" branch="False" />
                <line number="29" hits="11" branch="False" />
                <line number="30" hits="11" branch="False" />
                <line number="31" hits="11" branch="False" />
                <line number="32" hits="11" branch="False" />
                <line number="33" hits="11" branch="False" />
                <line number="34" hits="11" branch="False" />
                <line number="35" hits="12" branch="False" />
              </lines>
            </method>
            <method name="ParseWithMapping" signature="(System.IO.TextReader,BathroomSync.Core.RosterColumnMapping,System.String)" line-rate="0.7471" branch-rate="0.875" complexity="40">
              <lines>
                <line number="41" hits="10" branch="False" />
                <line number="42" hits="10" branch="False" />
                <line number="43" hits="10" branch="True" condition-coverage="50% (1/2)">
                  <conditions>
                    <condition number="21" type="jump" coverage="50%" />
                  </conditions>
                </line>
                <line number="44" hits="0" branch="False" />
                <line number="45" hits="0" branch="False" />
                <line number="46" hits="0" branch="False" />
                <line number="47" hits="0" branch="False" />
                <line number="48" hits="0" branch="False" />
                <line number="49" hits="0" branch="False" />
                <line number="50" hits="0" branch="False" />
                <line number="53" hits="10" branch="False" />
                <line number="54" hits="10" branch="False" />
                <line number="55" hits="128" branch="True" condition-coverage="100% (2/2)">
                  <conditions>
                    <condition number="173" type="jump" coverage="100%" />
                  </conditions>
                </line>
                <line number="56" hits="36" branch="False" />
                <line number="57" hits="72" branch="True" condition-coverage="75% (3/4)">
                  <conditions>
                    <condition number="117" type="jump" coverage="50%" />
                    <condition number="137" type="jump" coverage="100%" />
                  </conditions>
                </line>
                <line number="58" hits="36" branch="False" />
                <line number="59" hits="36" branch="False" />
                <line number="60" hits="36" branch="False" />
                <line number="62" hits="10" branch="False" />
                <line number="63" hits="10" branch="False" />
                <line number="64" hits="10" branch="False" />
                <line number="65" hits="10" branch="False" />
                <line number="66" hits="10" branch="False" />
                <line number="67" hits="10" branch="False" />
                <line number="69" hits="10" branch="True" condition-coverage="50% (1/2)">
                  <conditions>
                    <condition number="272" type="jump" coverage="50%" />
                  </conditions>
                </line>
                <line number="70" hits="0" branch="False" />
                <line number="71" hits="0" branch="False" />
                <line number="72" hits="0" branch="False" />
                <line number="73" hits="0" branch="False" />
                <line number="74" hits="0" branch="False" />
                <line number="75" hits="0" branch="False" />
                <line number="76" hits="0" branch="False" />
                <line number="79" hits="10" branch="True" condition-coverage="83.33% (5/6)">
                  <conditions>
                    <condition number="344" type="jump" coverage="100%" />
                    <condition number="353" type="jump" coverage="100%" />
                    <condition number="372" type="jump" coverage="50%" />
                  </conditions>
                </line>
                <line number="80" hits="0" branch="False" />
                <line number="81" hits="0" branch="False" />
                <line number="82" hits="0" branch="False" />
                <line number="83" hits="0" branch="False" />
                <line number="84" hits="0" branch="False" />
                <line number="85" hits="0" branch="False" />
                <line number="86" hits="0" branch="False" />
                <line number="89" hits="10" branch="False" />
                <line number="90" hits="10" branch="False" />
                <line number="91" hits="10" branch="False" />
                <line number="92" hits="10" branch="False" />
                <line number="94" hits="77" branch="True" condition-coverage="100% (2/2)">
                  <conditions>
                    <condition number="958" type="jump" coverage="100%" />
                  </conditions>
                </line>
                <line number="95" hits="19" branch="False" />
                <line number="96" hits="19" branch="True" condition-coverage="50% (1/2)">
                  <conditions>
                    <condition number="498" type="jump" coverage="50%" />
                  </conditions>
                </line>
                <line number="97" hits="0" branch="False" />
                <line number="100" hits="19" branch="False" />
                <line number="101" hits="19" branch="False" />
                <line number="103" hits="19" branch="False" />
                <line number="104" hits="20" branch="True" condition-coverage="100% (2/2)">
                  <conditions>
                    <condition number="545" type="jump" coverage="100%" />
                  </conditions>
                </line>
                <line number="105" hits="1" branch="False" />
                <line number="106" hits="1" branch="False" />
                <line number="107" hits="1" branch="False" />
                <line number="110" hits="18" branch="False" />
                <line number="111" hits="18" branch="False" />
                <line number="113" hits="27" branch="True" condition-coverage="100% (4/4)">
                  <conditions>
                    <condition number="606" type="jump" coverage="100%" />
                    <condition number="622" type="jump" coverage="100%" />
                  </conditions>
                </line>
                <line number="114" hits="9" branch="False" />
                <line number="115" hits="9" branch="False" />
                <line number="116" hits="27" branch="True" condition-coverage="100% (2/2)">
                  <conditions>
                    <condition number="671" type="jump" coverage="100%" />
                  </conditions>
                </line>
                <line number="117" hits="9" branch="False" />
                <line number="118" hits="9" branch="False" />
                <line number="119" hits="9" branch="False" />
                <line number="121" hits="19" branch="True" condition-coverage="100% (4/4)">
                  <conditions>
                    <condition number="720" type="jump" coverage="100%" />
                    <condition number="736" type="jump" coverage="100%" />
                  </conditions>
                </line>
                <line number="122" hits="1" branch="False" />
                <line number="123" hits="1" branch="False" />
                <line number="124" hits="1" branch="False" />
                <line number="127" hits="17" branch="True" condition-coverage="100% (2/2)">
                  <conditions>
                    <condition number="795" type="jump" coverage="100%" />
                  </conditions>
                </line>
                <line number="128" hits="17" branch="True" condition-coverage="100% (2/2)">
                  <conditions>
                    <condition number="823" type="jump" coverage="100%" />
                  </conditions>
                </line>
                <line number="130" hits="17" branch="True" condition-coverage="100% (4/4)">
                  <conditions>
                    <condition number="875" type="jump" coverage="100%" />
                    <condition number="894" type="jump" coverage="100%" />
                  </conditions>
                </line>
                <line number="131" hits="17" branch="False" />
                <line number="132" hits="17" branch="False" />
                <line number="133" hits="17" branch="False" />
                <line number="134" hits="17" branch="False" />
                <line number="135" hits="17" branch="False" />
                <line number="136" hits="17" branch="False" />
                <line number="137" hits="17" branch="False" />
                <line number="138" hits="17" branch="False" />
                <line number="140" hits="10" branch="False" />
                <line number="141" hits="10" branch="False" />
                <line number="142" hits="10" branch="False" />
                <line number="143" hits="10" branch="False" />
                <line number="144" hits="10" branch="False" />
                <line number="145" hits="10" branch="False" />
                <line number="146" hits="10" branch="False" />
                <line number="147" hits="10" branch="False" />
              </lines>
            </method>
            <method name="ParseAuto" signature="(System.IO.TextReader,System.String)" line-rate="1" branch-rate="1" complexity="2">
              <lines>
                <line number="149" hits="8" branch="False" />
                <line number="150" hits="8" branch="False" />
                <line number="151" hits="8" branch="False" />
                <line number="152" hits="8" branch="False" />
                <line number="154" hits="10" branch="True" condition-coverage="100% (2/2)">
                  <conditions>
                    <condition number="41" type="jump" coverage="100%" />
                  </conditions>
                </line>
                <line number="155" hits="2" branch="False" />
                <line number="156" hits="2" branch="False" />
                <line number="157" hits="2" branch="False" />
                <line number="158" hits="2" branch="False" />
                <line number="159" hits="3" branch="False" />
                <line number="160" hits="2" branch="False" />
                <line number="161" hits="2" branch="False" />
                <line number="164" hits="6" branch="False" />
                <line number="165" hits="6" branch="False" />
                <line number="166" hits="8" branch="False" />
              </lines>
            </method>
            <method name="DetectColumnMapping" signature="(System.Collections.Generic.IReadOnlyList`1&lt;System.String&gt;)" line-rate="1" branch-rate="0.9666" complexity="30">
              <lines>
                <line number="168" hits="11" branch="False" />
                <line number="169" hits="11" branch="False" />
                <line number="170" hits="11" branch="False" />
                <line number="171" hits="11" branch="False" />
                <line number="172" hits="11" branch="False" />
                <line number="173" hits="11" branch="False" />
                <line number="174" hits="11" branch="False" />
                <line number="176" hits="139" branch="True" condition-coverage="100% (2/2)">
                  <conditions>
                    <condition number="230" type="jump" coverage="100%" />
                  </conditions>
                </line>
                <line number="177" hits="39" branch="False" />
                <line number="178" hits="39" branch="False" />
                <line number="180" hits="48" branch="True" condition-coverage="100% (4/4)">
                  <conditions>
                    <condition number="49" type="jump" coverage="100%" />
                    <condition number="65" type="jump" coverage="100%" />
                  </conditions>
                </line>
                <line number="181" hits="9" branch="False" />
                <line number="182" hits="44" branch="True" condition-coverage="100% (4/4)">
                  <conditions>
                    <condition number="78" type="jump" coverage="100%" />
                    <condition number="94" type="jump" coverage="100%" />
                  </conditions>
                </line>
                <line number="183" hits="5" branch="False" />
                <line number="184" hits="35" branch="True" condition-coverage="100% (4/4)">
                  <conditions>
                    <condition number="104" type="jump" coverage="100%" />
                    <condition number="120" type="jump" coverage="100%" />
                  </conditions>
                </line>
                <line number="185" hits="5" branch="False" />
                <line number="186" hits="30" branch="True" condition-coverage="100% (4/4)">
                  <conditions>
                    <condition number="130" type="jump" coverage="100%" />
                    <condition number="146" type="jump" coverage="100%" />
                  </conditions>
                </line>
                <line number="187" hits="5" branch="False" />
                <line number="188" hits="25" branch="True" condition-coverage="100% (4/4)">
                  <conditions>
                    <condition number="157" type="jump" coverage="100%" />
                    <condition number="173" type="jump" coverage="100%" />
                  </conditions>
                </line>
                <line number="189" hits="5" branch="False" />
                <line number="190" hits="21" branch="True" condition-coverage="75% (3/4)">
                  <conditions>
                    <condition number="185" type="jump" coverage="50%" />
                    <condition number="201" type="jump" coverage="100%" />
                  </conditions>
                </line>
                <line number="191" hits="6" branch="False" />
                <line number="192" hits="6" branch="False" />
                <line number="193" hits="39" branch="False" />
                <line number="196" hits="16" branch="True" condition-coverage="100% (4/4)">
                  <conditions>
                    <condition number="241" type="jump" coverage="100%" />
                    <condition number="259" type="jump" coverage="100%" />
                  </conditions>
                </line>
                <line number="197" hits="5" branch="False" />
                <line number="198" hits="5" branch="False" />
                <line number="200" hits="11" branch="False" />
                <line number="201" hits="11" branch="False" />
                <line number="202" hits="11" branch="False" />
                <line number="203" hits="11" branch="False" />
                <line number="204" hits="11" branch="False" />
                <line number="205" hits="11" branch="False" />
                <line number="206" hits="11" branch="False" />
                <line number="207" hits="11" branch="False" />
                <line number="208" hits="11" branch="False" />
              </lines>
            </method>
            <method name="SplitFullName" signature="(System.String)" line-rate="0.9333" branch-rate="0.625" complexity="8">
              <lines>
[...]
            <line number="169" hits="2" branch="False" />
            <line number="170" hits="2" branch="False" />
            <line number="172" hits="2" branch="False" />
            <line number="173" hits="6" branch="True" condition-coverage="50% (1/2)">
              <conditions>
                <condition number="169" type="jump" coverage="50%" />
              </conditions>
            </line>
            <line number="174" hits="0" branch="False" />
            <line number="175" hits="0" branch="False" />
            <line number="177" hits="2" branch="True" condition-coverage="50% (1/2)">
              <conditions>
                <condition number="195" type="jump" coverage="50%" />
              </conditions>
            </line>
            <line number="178" hits="2" branch="False" />
            <line number="180" hits="1" branch="False" />
            <line number="181" hits="1" branch="False" />
            <line number="182" hits="1" branch="False" />
            <line number="184" hits="1" branch="False" />
            <line number="185" hits="1" branch="True" condition-coverage="50% (1/2)">
              <conditions>
                <condition number="34" type="jump" coverage="50%" />
              </conditions>
            </line>
            <line number="186" hits="0" branch="False" />
            <line number="187" hits="0" branch="False" />
            <line number="188" hits="0" branch="False" />
            <line number="189" hits="1" branch="True" condition-coverage="50% (1/2)">
              <conditions>
                <condition number="81" type="jump" coverage="50%" />
              </conditions>
            </line>
            <line number="190" hits="0" branch="False" />
            <line number="191" hits="0" branch="False" />
            <line number="192" hits="0" branch="False" />
            <line number="194" hits="1" branch="True" condition-coverage="50% (1/2)">
              <conditions>
                <condition number="122" type="jump" coverage="50%" />
              </conditions>
            </line>
            <line number="196" hits="1" branch="False" />
            <line number="197" hits="1" branch="False" />
            <line number="198" hits="1" branch="False" />
            <line number="199" hits="1" branch="False" />
            <line number="200" hits="1" branch="False" />
            <line number="201" hits="1" branch="False" />
            <line number="202" hits="1" branch="False" />
            <line number="203" hits="1" branch="False" />
            <line number="204" hits="1" branch="False" />
            <line number="205" hits="1" branch="False" />
            <line number="207" hits="1" branch="False" />
            <line number="208" hits="2" branch="True" condition-coverage="50% (1/2)">
              <conditions>
                <condition number="195" type="jump" coverage="50%" />
              </conditions>
            </line>
            <line number="209" hits="1" branch="True" condition-coverage="50% (5/10)">
              <conditions>
                <condition number="209" type="jump" coverage="50%" />
                <condition number="235" type="jump" coverage="50%" />
                <condition number="261" type="jump" coverage="50%" />
                <condition number="287" type="jump" coverage="50%" />
                <condition number="313" type="jump" coverage="50%" />
              </conditions>
            </line>
            <line number="210" hits="1" branch="False" />
            <line number="211" hits="1" branch="False" />
            <line number="212" hits="1" branch="False" />
            <line number="213" hits="1" branch="False" />
            <line number="214" hits="1" branch="False" />
            <line number="215" hits="1" branch="False" />
            <line number="218" hits="0" branch="False" />
            <line number="219" hits="1" branch="False" />
            <line number="221" hits="4" branch="False" />
            <line number="222" hits="4" branch="False" />
            <line number="223" hits="8" branch="True" condition-coverage="100% (2/2)">
              <conditions>
                <condition number="19" type="jump" coverage="100%" />
              </conditions>
            </line>
            <line number="225" hits="4" branch="False" />
            <line number="226" hits="4" branch="False" />
            <line number="227" hits="4" branch="False" />
            <line number="228" hits="4" branch="False" />
            <line number="229" hits="4" branch="False" />
            <line number="230" hits="4" branch="False" />
            <line number="231" hits="4" branch="False" />
            <line number="232" hits="4" branch="False" />
            <line number="233" hits="4" branch="False" />
            <line number="234" hits="4" branch="False" />
            <line number="235" hits="4" branch="False" />
            <line number="236" hits="4" branch="False" />
            <line number="237" hits="4" branch="False" />
            <line number="238" hits="20" branch="True" condition-coverage="100% (2/2)">
              <conditions>
                <condition number="227" type="jump" coverage="100%" />
              </conditions>
            </line>
            <line number="239" hits="8" branch="False" />
            <line number="240" hits="8" branch="False" />
            <line number="241" hits="8" branch="False" />
            <line number="242" hits="8" branch="False" />
            <line number="243" hits="8" branch="False" />
            <line number="244" hits="8" branch="False" />
            <line number="245" hits="8" branch="False" />
            <line number="246" hits="8" branch="False" />
            <line number="247" hits="8" branch="False" />
            <line number="248" hits="8" branch="False" />
            <line number="249" hits="4" branch="False" />
            <line number="250" hits="4" branch="False" />
            <line number="251" hits="4" branch="False" />
            <line number="252" hits="8" branch="False" />
            <line number="253" hits="4" branch="True" condition-coverage="50% (1/2)">
              <conditions>
                <condition number="318" type="jump" coverage="50%" />
              </conditions>
            </line>
            <line number="254" hits="4" branch="False" />
            <line number="255" hits="4" branch="False" />
            <line number="257" hits="2" branch="False" />
            <line number="258" hits="2" branch="False" />
            <line number="259" hits="4" branch="True" condition-coverage="100% (2/2)">
              <conditions>
                <condition number="19" type="jump" coverage="100%" />
              </conditions>
            </line>
            <line number="261" hits="2" branch="False" />
            <line number="262" hits="2" branch="False" />
            <line number="263" hits="2" branch="False" />
            <line number="264" hits="2" branch="False" />
            <line number="265" hits="2" branch="False" />
            <line number="266" hits="2" branch="False" />
            <line number="267" hits="21" branch="True" condition-coverage="100% (2/2)">
              <conditions>
                <condition number="383" type="jump" coverage="100%" />
              </conditions>
            </line>
            <line number="268" hits="5" branch="True" condition-coverage="100% (6/6)">
              <conditions>
                <condition number="176" type="jump" coverage="100%" />
                <condition number="200" type="jump" coverage="100%" />
                <condition number="224" type="jump" coverage="100%" />
              </conditions>
            </line>
            <line number="269" hits="5" branch="False" />
            <line number="270" hits="5" branch="False" />
            <line number="271" hits="5" branch="False" />
            <line number="272" hits="5" branch="False" />
            <line number="273" hits="5" branch="False" />
            <line number="274" hits="5" branch="False" />
            <line number="275" hits="5" branch="False" />
            <line number="276" hits="5" branch="False" />
            <line number="277" hits="5" branch="False" />
            <line number="278" hits="5" branch="False" />
            <line number="279" hits="5" branch="False" />
            <line number="280" hits="5" branch="False" />
            <line number="281" hits="5" branch="False" />
            <line number="282" hits="5" branch="False" />
            <line number="283" hits="2" branch="False" />
            <line number="284" hits="2" branch="False" />
            <line number="285" hits="2" branch="False" />
            <line number="286" hits="4" branch="False" />
            <line number="287" hits="2" branch="True" condition-coverage="50% (1/2)">
              <conditions>
                <condition number="447" type="jump" coverage="50%" />
              </conditions>
            </line>
            <line number="288" hits="2" branch="False" />
            <line number="289" hits="2" branch="False" />
            <line number="291" hits="50" branch="False" />
            <line number="292" hits="52" branch="True" condition-coverage="100% (8/8)">
              <conditions>
                <condition number="9" type="jump" coverage="100%" />
                <condition number="19" type="jump" coverage="100%" />
                <condition number="29" type="jump" coverage="100%" />
                <condition number="44" type="jump" coverage="100%" />
              </conditions>
            </line>
            <line number="293" hits="2" branch="False" />
            <line number="295" hits="48" branch="False" />
            <line number="296" hits="50" branch="False" />
            <line number="298" hits="11" branch="False" />
            <line number="299" hits="11" branch="False" />
            <line number="300" hits="11" branch="False" />
            <line number="302" hits="13" branch="True" condition-coverage="100% (2/2)">
              <conditions>
                <condition number="29" type="jump" coverage="100%" />
              </conditions>
            </line>
            <line number="303" hits="2" branch="False" />
            <line number="304" hits="2" branch="False" />
            <line number="305" hits="2" branch="False" />
            <line number="307" hits="14" branch="True" condition-coverage="100% (4/4)">
              <conditions>
                <condition number="94" type="jump" coverage="100%" />
                <condition number="123" type="jump" coverage="100%" />
              </conditions>
            </line>
            <line number="308" hits="4" branch="True" condition-coverage="100% (4/4)">
              <conditions>
                <condition number="146" type="jump" coverage="100%" />
                <condition number="172" type="jump" coverage="100%" />
              </conditions>
            </line>
            <line number="309" hits="1" branch="False" />
            <line number="310" hits="5" branch="True" condition-coverage="50% (1/2)">
              <conditions>
                <condition number="211" type="jump" coverage="50%" />
              </conditions>
            </line>
            <line number="311" hits="2" branch="False" />
            <line number="312" hits="2" branch="False" />
            <line number="313" hits="0" branch="False" />
            <line number="314" hits="0" branch="False" />
            <line number="315" hits="0" branch="False" />
            <line number="316" hits="3" branch="False" />
            <line number="318" hits="12" branch="True" condition-coverage="100% (2/2)">
              <conditions>
                <condition number="285" type="jump" coverage="100%" />
              </conditions>
            </line>
            <line number="319" hits="1" branch="False" />
            <line number="320" hits="1" branch="False" />
            <line number="321" hits="1" branch="False" />
            <line number="323" hits="12" branch="True" condition-coverage="100% (2/2)">
              <conditions>
                <condition number="337" type="jump" coverage="100%" />
              </conditions>
            </line>
            <line number="324" hits="1" branch="False" />
            <line number="325" hits="1" branch="False" />
            <line number="326" hits="1" branch="False" />
            <line number="328" hits="11" branch="True" condition-coverage="50% (1/2)">
              <conditions>
                <condition number="389" type="jump" coverage="50%" />
              </conditions>
            </line>
            <line number="329" hits="0" branch="False" />
            <line number="330" hits="0" branch="False" />
            <line number="331" hits="0" branch="False" />
            <line number="333" hits="11" branch="True" condition-coverage="100% (2/2)">
              <conditions>
                <condition number="430" type="jump" coverage="100%" />
              </conditions>
            </line>
            <line number="334" hits="11" branch="False" />
            <line number="335" hits="11" branch="False" />
            <line number="337" hits="18" branch="False" />
            <line number="338" hits="18" branch="False" />
            <line number="339" hits="18" branch="False" />
            <line number="340" hits="18" branch="False" />
            <line number="341" hits="18" branch="False" />
            <line number="342" hits="18" branch="False" />
            <line number="343" hits="18" branch="False" />
            <line number="344" hits="18" branch="False" />
            <line number="345" hits="18" branch="False" />
            <line number="346" hits="18" branch="True" condition-coverage="50% (1/2)">
              <conditions>
                <condition number="77" type="jump" coverage="50%" />
              </conditions>
            </line>
            <line number="347" hits="18" branch="True" condition-coverage="50% (1/2)">
              <conditions>
                <condition number="100" type="jump" coverage="50%" />
              </conditions>
            </line>
            <line number="348" hits="18" branch="True" condition-coverage="50% (1/2)">
              <conditions>
                <condition number="120" type="jump" coverage="50%" />
              </conditions>
            </line>
            <line number="349" hits="18" branch="True" condition-coverage="100% (2/2)">
              <conditions>
                <condition number="146" type="jump" coverage="100%" />
              </conditions>
            </line>
            <line number="350" hits="18" branch="True" condition-coverage="100% (2/2)">
              <conditions>
                <condition number="169" type="jump" coverage="100%" />
              </conditions>
            </line>
            <line number="351" hits="18" branch="True" condition-coverage="100% (2/2)">
              <conditions>
                <condition number="192" type="jump" coverage="100%" />
              </conditions>
            </line>
            <line number="352" hits="18" branch="True" condition-coverage="100% (2/2)">
              <conditions>
                <condition number="215" type="jump" coverage="100%" />
              </conditions>
            </line>
            <line number="354" hits="18" branch="False" />
            <line number="355" hits="18" branch="False" />
            <line number="356" hits="18" branch="False" />
            <line number="357" hits="18" branch="False" />
            <line number="358" hits="18" branch="False" />
            <line number="359" hits="18" branch="False" />
            <line number="360" hits="18" branch="False" />
            <line number="361" hits="18" branch="False" />
            <line number="362" hits="18" branch="False" />
            <line number="363" hits="18" branch="False" />
            <line number="364" hits="18" branch="False" />
            <line number="365" hits="18" branch="False" />
            <line number="366" hits="18" branch="False" />
            <line number="367" hits="18" branch="False" />
            <line number="368" hits="18" branch="False" />
            <line number="369" hits="18" branch="False" />
            <line number="371" hits="32" branch="False" />
            <line number="372" hits="32" branch="False" />
            <line number="373" hits="32" branch="False" />
            <line number="374" hits="32" branch="False" />
            <line number="375" hits="32" branch="False" />
            <line number="376" hits="32" branch="False" />
            <line number="377" hits="32" branch="False" />
            <line number="378" hits="32" branch="False" />
            <line number="380" hits="6" branch="False" />
            <line number="381" hits="10" branch="True" condition-coverage="100% (4/4)">
              <conditions>
                <condition number="7" type="jump" coverage="100%" />
                <condition number="23" type="jump" coverage="100%" />
              </conditions>
            </line>
            <line number="383" hits="2" branch="False" />
            <line number="384" hits="15" branch="True" condition-coverage="100% (2/2)">
              <conditions>
                <condition number="317" type="jump" coverage="100%" />
              </conditions>
            </line>
            <line number="385" hits="3" branch="False" />
            <line number="386" hits="3" branch="True" condition-coverage="66.66% (4/6)">
              <conditions>
                <condition number="78" type="jump" coverage="50%" />
                <condition number="90" type="jump" coverage="50%" />
                <condition number="108" type="jump" coverage="100%" />
              </conditions>
            </line>
            <line number="388" hits="3" branch="False" />
            <line number="389" hits="3" branch="False" />
            <line number="390" hits="3" branch="False" />
            <line number="391" hits="3" branch="False" />
            <line number="392" hits="3" branch="False" />
            <line number="393" hits="3" branch="False" />
            <line number="394" hits="3" branch="False" />
            <line number="395" hits="3" branch="False" />
            <line number="396" hits="3" branch="False" />
            <line number="397" hits="3" branch="False" />
            <line number="398" hits="3" branch="False" />
            <line number="399" hits="3" branch="False" />
            <line number="400" hits="3" branch="False" />
            <line number="401" hits="3" branch="False" />
            <line number="402" hits="3" branch="False" />
            <line number="403" hits="2" branch="False" />
            <line number="405" hits="0" branch="False" />
            <line number="407" hits="0" branch="False" />
            <line number="408" hits="6" branch="False" />
            <line number="33" hits="12" branch="False" />
            <line number="34" hits="6" branch="False" />
            <line number="35" hits="12" branch="True" condition-coverage="100% (2/2)">
              <conditions>
                <condition number="26" type="jump" coverage="100%" />
              </conditions>
            </line>
            <line number="37" hits="6" branch="False" />
            <line number="38" hits="6" branch="False" />
            <line number="39" hits="6" branch="False" />
            <line number="40" hits="6" branch="False" />
            <line number="41" hits="6" branch="False" />
            <line number="42" hits="6" branch="False" />
            <line number="44" hits="6" branch="False" />
            <line number="45" hits="6" branch="False" />
            <line number="46" hits="6" branch="False" />
            <line number="47" hits="12" branch="False" />
          </lines>
        </class>
      </classes>
    </package>
  </packages>
</coverage>